[17:45:25] [ServerMain/INFO]: Environment: authHost='https://authserver.mojang.com', accountsHost='https://api.mojang.com', sessionHost='https://sessionserver.mojang.com', servicesHost='https://api.minecraftservices.com', name='PROD'
[17:45:26] [ServerMain/INFO]: Loaded 7 recipes
[17:45:27] [Server thread/INFO]: Starting minecraft server version 1.20.1
[17:45:27] [Server thread/INFO]: Loading properties
[17:45:27] [Server thread/INFO]: This server is running Paper version git-Paper-83 (MC: 1.20.1) (Implementing API version 1.20.1-R0.1-SNAPSHOT) (Git: c793bd9)
[17:45:27] [Server thread/INFO]: Server Ping Player Sample Count: 12
[17:45:27] [Server thread/INFO]: Using 4 threads for Netty based IO
[17:45:27] [Server thread/WARN]: [!] The timings profiler has been enabled but has been scheduled for removal from Paper in the future.
    We recommend installing the spark profiler as a replacement: https://spark.lucko.me/
    For more information please visit: https://github.com/PaperMC/Paper/issues/8948
[17:45:27] [Server thread/INFO]: [ChunkTaskScheduler] Chunk system is using 1 I/O threads, 8 worker threads, and gen parallelism of 8 threads
[17:45:27] [Server thread/INFO]: Default game type: SURVIVAL
[17:45:27] [Server thread/INFO]: Generating keypair
[17:45:27] [Server thread/INFO]: Starting Minecraft server on *:25565
[17:45:27] [Server thread/INFO]: Using epoll channel type
[17:45:27] [Server thread/INFO]: Paper: Using libdeflate (Linux x86_64) compression from Velocity.
[17:45:27] [Server thread/INFO]: Paper: Using OpenSSL 3.0.x (Linux x86_64) cipher from Velocity.
[17:45:28] [Server thread/INFO]: [WorldEdit] Loading server plugin WorldEdit v7.2.15+6463-5ca4dff
[17:45:28] [Server thread/INFO]: Got request to register class com.sk89q.worldedit.bukkit.BukkitServerInterface with WorldEdit [com.sk89q.worldedit.extension.platform.PlatformManager@7b881eff]
[17:45:28] [Server thread/INFO]: Server permissions file permissions.yml is empty, ignoring it
[17:45:28] [Server thread/INFO]: [WorldEdit] Enabling WorldEdit v7.2.15+6463-5ca4dff
[17:45:28] [Server thread/INFO]: Registering commands with com.sk89q.worldedit.bukkit.BukkitServerInterface
[17:45:28] [Server thread/INFO]: WEPIF: Using the Bukkit Permissions API.
[17:45:28] [Server thread/INFO]: Using com.sk89q.worldedit.bukkit.adapter.impl.v1_20_R1.PaperweightAdapter as the Bukkit adapter
[17:45:29] [Server thread/INFO]: Preparing level "world"
[17:45:29] [Server thread/INFO]: Preparing start region for dimension minecraft:overworld
[17:45:29] [Server thread/INFO]: Time elapsed: 177 ms
[17:45:29] [Server thread/INFO]: Preparing start region for dimension minecraft:the_nether
[17:45:29] [Server thread/INFO]: Time elapsed: 23 ms
[17:45:29] [Server thread/INFO]: Preparing start region for dimension minecraft:the_end
[17:45:29] [Server thread/INFO]: Time elapsed: 17 ms
[17:45:29] [Server thread/INFO]: Running delayed init tasks
[17:45:29] [Server thread/INFO]: Done (2.434s)! For help, type "help"
[17:45:29] [Server thread/INFO]: Timings Reset
[17:45:42] [User Authenticator #0/INFO]: UUID of player Alex79720 is 3657e6d9-954f-482b-a03f-3e0e45bcc588
[17:45:42] [Server thread/INFO]: Alex79720 joined the game
[17:45:42] [Server thread/INFO]: Alex79720[/127.0.0.1:54338] logged in with entity id 111 at ([world]219.72007563005695, 152.77840664172032, 265.74287295478683)
[17:45:59] [Server thread/INFO]: Alex79720 issued server command: /effect clear
[17:45:59] [Server thread/INFO]: [Alex79720: Removed every effect from Alex79720]
[17:46:47] [Server thread/INFO]: Alex79720 issued server command: //brush sphere stone_bricks 5
[17:46:53] [Server thread/INFO]: Alex79720 issued server command: /mask #existing
[17:47:03] [Server thread/INFO]: Alex79720 issued server command: //brush cyl green_wool 5
[17:47:13] [Server thread/INFO]: Alex79720 issued server command: //brush cyl stone_bricks 2
[17:48:44] [Server thread/INFO]: Alex79720 issued server command: //undo
[17:48:45] [Server thread/INFO]: Alex79720 issued server command: //undo
[17:49:19] [Server thread/INFO]: Alex79720 issued server command: //stack 20 down
[17:49:23] [Server thread/INFO]: Alex79720 issued server command: //stack 24 down
[17:49:31] [Server thread/INFO]: Alex79720 issued server command: //stack 10 up
[17:49:37] [Server thread/INFO]: Alex79720 issued server command: //undo
[17:49:41] [Server thread/INFO]: Alex79720 issued server command: //stack 7 up
[17:49:45] [Server thread/INFO]: Alex79720 issued server command: //stack 6 up
[17:49:47] [Server thread/INFO]: Alex79720 issued server command: //undo
[17:49:48] [Server thread/INFO]: Alex79720 issued server command: //undo
[17:49:49] [Server thread/INFO]: Alex79720 issued server command: //stack 6 up
[17:50:12] [Server thread/INFO]: Alex79720 issued server command: //stack 10 down
[17:50:16] [Server thread/INFO]: Alex79720 issued server command: //stack 12 down
[17:50:34] [Server thread/INFO]: Alex79720 issued server command: //stack 10 down
[17:50:39] [Server thread/INFO]: Alex79720 issued server command: //stack 13 down
[17:52:19] [Server thread/INFO]: Alex79720 issued server command: //stack 10 down
[17:52:27] [Server thread/INFO]: Alex79720 issued server command: //stack 10 down
[17:52:48] [Server thread/INFO]: Alex79720 issued server command: //brush cyl air 5
[17:56:08] [Server thread/INFO]: Alex79720 issued server command: //stack 10 down
[17:56:14] [Server thread/INFO]: Alex79720 issued server command: //stack 12 down
[17:56:36] [Server thread/INFO]: Alex79720 issued server command: //stack 10 down
[17:56:41] [Server thread/INFO]: Alex79720 issued server command: //stack 10 down
[17:57:00] [Server thread/INFO]: Alex79720 issued server command: //stack 9 down
[17:57:14] [Server thread/INFO]: Alex79720 issued server command: //stack 7 down
[17:57:18] [Server thread/INFO]: Alex79720 issued server command: //stack 10 down
[17:57:38] [Server thread/INFO]: Alex79720 issued server command: //stack 10 down
[17:57:45] [Server thread/INFO]: Alex79720 issued server command: //stack 11 down
[17:58:06] [Server thread/INFO]: Alex79720 issued server command: //undo
[17:58:43] [Server thread/INFO]: Alex79720 issued server command: //stack 8 up
[17:59:05] [Server thread/INFO]: Alex79720 issued server command: //stack 8 up
[17:59:11] [Server thread/INFO]: Alex79720 issued server command: //stack 15 up
[17:59:17] [Server thread/INFO]: Alex79720 issued server command: //stack 17 up
[17:59:30] [Server thread/INFO]: Alex79720 issued server command: //undo
[17:59:30] [Server thread/INFO]: Alex79720 issued server command: //undo
[18:00:00] [Server thread/INFO]: Alex79720 issued server command: //stack 10 down
[18:00:10] [Server thread/INFO]: Alex79720 issued server command: //stack 15 down
[18:00:16] [Server thread/INFO]: Alex79720 issued server command: //stack 18 down
[18:00:48] [Server thread/INFO]: Alex79720 issued server command: //stack 8 up
[18:01:00] [Server thread/INFO]: Alex79720 issued server command: //stack 10 up
[18:41:26] [Server thread/INFO]: Alex79720 issued server command: //brush cyl blue_wool 5
[18:42:21] [Server thread/INFO]: Alex79720 issued server command: //stack 10 down
[18:42:32] [Server thread/INFO]: Alex79720 issued server command: //stack 11 down
[18:42:39] [Server thread/INFO]: Alex79720 issued server command: //stack 10 up
[18:42:48] [Server thread/INFO]: Alex79720 issued server command: //undo
[18:42:59] [Server thread/INFO]: Alex79720 issued server command: //stack 10 up
[18:43:05] [Server thread/INFO]: Alex79720 issued server command: //stack 15 up
[18:43:20] [Server thread/INFO]: Alex79720 issued server command: //stack 15 up
[18:43:35] [Server thread/INFO]: Alex79720 issued server command: //stack 15 up
[18:43:40] [Server thread/INFO]: Alex79720 issued server command: //stack 20 up
[18:43:50] [Server thread/INFO]: Alex79720 issued server command: //stack 10 down
[18:44:38] [Server thread/INFO]: Alex79720 issued server command: //stack 10 down
[18:44:47] [Server thread/INFO]: Alex79720 issued server command: //stack 3 up
[18:45:24] [Server thread/INFO]: Alex79720 issued server command: //stack 10 down
[18:45:28] [Server thread/INFO]: Alex79720 issued server command: //stack 11 down
[18:45:39] [Server thread/INFO]: Alex79720 issued server command: //stack 11 down
[18:45:43] [Server thread/INFO]: Alex79720 issued server command: //stack 11 down
[18:46:30] [Server thread/INFO]: Alex79720 issued server command: //stack 10 down
[18:46:32] [Server thread/INFO]: Alex79720 issued server command: //stack 11 down
[18:46:38] [Server thread/INFO]: Alex79720 issued server command: //stack 12 down
[18:47:10] [Server thread/INFO]: Alex79720 issued server command: //undo
[18:48:22] [Server thread/INFO]: Alex79720 issued server command: //stack 12 down
[18:48:26] [Server thread/INFO]: Alex79720 issued server command: //stack 14 down
[18:49:29] [Server thread/INFO]: Alex79720 issued server command: //stack 7 down
[18:49:36] [Server thread/INFO]: Alex79720 issued server command: //set air
[18:50:12] [Server thread/INFO]: Alex79720 issued server command: //set stone_bricks
[18:50:42] [Server thread/INFO]: Alex79720 issued server command: //stack 15 up
[18:51:31] [Server thread/INFO]: Alex79720 issued server command: //stack 10 up
[18:51:34] [Server thread/INFO]: Alex79720 issued server command: //stack 15 up
[18:51:38] [Server thread/INFO]: Alex79720 issued server command: //stack 17 up
[18:51:48] [Server thread/INFO]: Alex79720 issued server command: //stack 10 down
[18:51:54] [Server thread/INFO]: Alex79720 issued server command: //stack 17 down
[18:54:10] [Server thread/INFO]: Alex79720 issued server command: //stack 4 down
[18:54:53] [Server thread/INFO]: Alex79720 issued server command: //stack 5 down
[18:55:03] [Server thread/INFO]: Alex79720 issued server command: //stack 5 down
[18:55:34] [Server thread/INFO]: Alex79720 issued server command: //stack 5 down
[18:56:04] [Server thread/INFO]: Alex79720 issued server command: //stack 4 down
[18:56:30] [Server thread/INFO]: Alex79720 issued server command: //undo
[18:56:31] [Server thread/INFO]: Alex79720 issued server command: //undo
[18:56:31] [Server thread/INFO]: Alex79720 issued server command: //undo
[18:56:32] [Server thread/INFO]: Alex79720 issued server command: //undo
[18:56:33] [Server thread/INFO]: Alex79720 issued server command: //undo
[18:56:33] [Server thread/INFO]: Alex79720 issued server command: //undo
[18:56:34] [Server thread/INFO]: Alex79720 issued server command: //undo
[18:56:35] [Server thread/INFO]: Alex79720 issued server command: //undo
[18:56:36] [Server thread/INFO]: Alex79720 issued server command: //undo
[18:56:37] [Server thread/INFO]: Alex79720 issued server command: //undo
[18:58:40] [Server thread/INFO]: Alex79720 issued server command: //stack 6 down
[18:58:52] [Server thread/INFO]: Alex79720 issued server command: //stack 2 down
[18:59:35] [Server thread/INFO]: Alex79720 issued server command: //stack 1 down
[18:59:44] [Server thread/INFO]: Alex79720 issued server command: //stack 1 down
[18:59:56] [Server thread/INFO]: Alex79720 issued server command: //stack 2 down
[19:00:43] [Server thread/INFO]: Alex79720 issued server command: //stack 10 down
[19:00:47] [Server thread/INFO]: Alex79720 issued server command: //stack 13 down
[19:00:56] [Server thread/INFO]: Alex79720 issued server command: //stack 15 down
[19:01:06] [Server thread/INFO]: Alex79720 issued server command: //stack 13 down
[19:01:16] [Server thread/INFO]: Alex79720 issued server command: //stack 13 down
[19:01:30] [Server thread/INFO]: Alex79720 issued server command: //undo
[19:01:32] [Server thread/INFO]: Alex79720 issued server command: //undo
[19:01:33] [Server thread/INFO]: Alex79720 issued server command: //undo
[19:01:43] [Server thread/INFO]: Alex79720 issued server command: //undo
[19:01:44] [Server thread/INFO]: Alex79720 issued server command: //undo
[19:01:55] [Server thread/INFO]: Alex79720 issued server command: //undo
[19:03:29] [Server thread/INFO]: Alex79720 issued server command: //stack 10 down
[19:03:35] [Server thread/INFO]: Alex79720 issued server command: //stack 14 down
[19:04:12] [Server thread/INFO]: Alex79720 issued server command: //stack 7 up
[19:05:14] [Server thread/INFO]: Alex79720 issued server command: //stack 7 down
[19:06:06] [Server thread/INFO]: Alex79720 issued server command: //stack 7 up
[19:06:13] [Server thread/INFO]: Alex79720 issued server command: //stack 11 up
[19:06:26] [Server thread/INFO]: Alex79720 issued server command: //set air
[19:06:37] [Server thread/INFO]: Alex79720 issued server command: //stack 11 down
[19:06:46] [Server thread/INFO]: Alex79720 issued server command: //stack 15 down
[19:07:03] [Server thread/INFO]: Alex79720 issued server command: //set air
[19:08:16] [Server thread/INFO]: Alex79720 issued server command: //stack 4 up
[19:08:24] [Server thread/INFO]: Alex79720 issued server command: //stack 4 up
[19:09:40] [Server thread/INFO]: Alex79720 issued server command: //stack 10 up
[19:11:49] [Server thread/INFO]: Alex79720 issued server command: //stack 6 down
[19:14:43] [Server thread/INFO]: Alex79720 issued server command: //stack 6 down
[19:14:47] [Async Chat Thread - #2/INFO]: <Alex79720> t//undo
[19:14:54] [Server thread/INFO]: Alex79720 issued server command: //undo
[19:15:19] [Server thread/INFO]: Alex79720 issued server command: //stack 6 down
[19:15:23] [Server thread/INFO]: Alex79720 issued server command: //stack 7 down
[19:19:10] [Server thread/INFO]: Alex79720 issued server command: //stack 17 down
[19:19:58] [Server thread/INFO]: Alex79720 issued server command: //set blue_wool
[19:21:11] [Server thread/INFO]: Alex79720 issued server command: //stack 8 down
[19:21:17] [Server thread/INFO]: Alex79720 issued server command: //undo
[19:21:22] [Server thread/INFO]: Alex79720 issued server command: //stack 7 down
[19:21:45] [Server thread/INFO]: Alex79720 issued server command: //stack 7 down
[19:21:50] [Server thread/INFO]: Alex79720 issued server command: //stack 8 down
[19:22:04] [Server thread/INFO]: Alex79720 issued server command: //stack 6 down
[19:22:10] [Server thread/INFO]: Alex79720 issued server command: //stack 7 down
[19:23:54] [Server thread/INFO]: Alex79720 lost connection: Disconnected
[19:23:54] [Server thread/INFO]: Alex79720 left the game
[19:24:26] [Server thread/INFO]: Saving the game (this may take a moment!)
[19:24:26] [Server thread/INFO]: Saved the game
[19:24:32] [Server thread/INFO]: Unknown command. Type "/help" for help.
[19:24:35] [Server thread/INFO]: Stopping the server
[19:24:35] [Server thread/INFO]: Stopping server
[19:24:35] [Server thread/INFO]: [WorldEdit] Disabling WorldEdit v7.2.15+6463-5ca4dff
[19:24:35] [Server thread/INFO]: Unregistering com.sk89q.worldedit.bukkit.BukkitServerInterface from WorldEdit
[19:24:35] [Server thread/INFO]: Saving players
[19:24:35] [Server thread/INFO]: Saving worlds
[19:24:35] [Server thread/INFO]: Saving chunks for level 'ServerLevel[world]'/minecraft:overworld
[19:24:35] [Server thread/INFO]: [ChunkHolderManager] Waiting 60s for chunk system to halt for world 'world'
[19:24:35] [Server thread/INFO]: [ChunkHolderManager] Halted chunk system for world 'world'
[19:24:35] [Server thread/INFO]: [ChunkHolderManager] Saving all chunkholders for world 'world'
[19:24:35] [Server thread/INFO]: [ChunkHolderManager] Saved 633 block chunks, 101 entity chunks, 0 poi chunks in world 'world' in 0.36s
[19:24:35] [Server thread/INFO]: ThreadedAnvilChunkStorage (world): All chunks are saved
[19:24:35] [Server thread/INFO]: Saving chunks for level 'ServerLevel[world_nether]'/minecraft:the_nether
[19:24:35] [Server thread/INFO]: [ChunkHolderManager] Waiting 60s for chunk system to halt for world 'world_nether'
[19:24:35] [Server thread/INFO]: [ChunkHolderManager] Halted chunk system for world 'world_nether'
[19:24:35] [Server thread/INFO]: [ChunkHolderManager] Saving all chunkholders for world 'world_nether'
[19:24:35] [Server thread/INFO]: [ChunkHolderManager] Saved 0 block chunks, 14 entity chunks, 0 poi chunks in world 'world_nether' in 0.00s
[19:24:35] [Server thread/INFO]: ThreadedAnvilChunkStorage (DIM-1): All chunks are saved
[19:24:35] [Server thread/INFO]: Saving chunks for level 'ServerLevel[world_the_end]'/minecraft:the_end
[19:24:35] [Server thread/INFO]: [ChunkHolderManager] Waiting 60s for chunk system to halt for world 'world_the_end'
[19:24:35] [Server thread/INFO]: [ChunkHolderManager] Halted chunk system for world 'world_the_end'
[19:24:35] [Server thread/INFO]: [ChunkHolderManager] Saving all chunkholders for world 'world_the_end'
[19:24:35] [Server thread/INFO]: [ChunkHolderManager] Saved 10 block chunks, 10 entity chunks, 0 poi chunks in world 'world_the_end' in 0.00s
[19:24:35] [Server thread/INFO]: ThreadedAnvilChunkStorage (DIM1): All chunks are saved
[19:24:35] [Server thread/INFO]: ThreadedAnvilChunkStorage: All dimensions are saved
[19:24:35] [Server thread/INFO]: Flushing Chunk IO
[19:24:35] [Server thread/INFO]: Closing Thread Pool
[19:24:35] [Server thread/INFO]: Closing Server
