[09:21:10] [ServerMain/INFO]: Environment: Environment[sessionHost=https://sessionserver.mojang.com, servicesHost=https://api.minecraftservices.com, name=PROD]
[09:21:11] [ServerMain/INFO]: Loaded 1174 recipes
[09:21:11] [ServerMain/INFO]: Loaded 1271 advancements
[09:21:11] [Server thread/INFO]: Starting minecraft server version 1.20.4
[09:21:11] [Server thread/INFO]: Loading properties
[09:21:11] [Server thread/INFO]: This server is running Paper version git-Paper-454 (MC: 1.20.4) (Implementing API version 1.20.4-R0.1-SNAPSHOT) (Git: 99a6416)
[09:21:11] [Server thread/INFO]: Server Ping Player Sample Count: 12
[09:21:11] [Server thread/INFO]: Using 4 threads for Netty based IO
[09:21:12] [Server thread/WARN]: [!] The timings profiler has been enabled but has been scheduled for removal from Paper in the future.
    We recommend installing the spark profiler as a replacement: https://spark.lucko.me/
    For more information please visit: https://github.com/PaperMC/Paper/issues/8948
[09:21:12] [Server thread/INFO]: [ChunkTaskScheduler] Chunk system is using 1 I/O threads, 4 worker threads, and gen parallelism of 4 threads
[09:21:12] [Server thread/INFO]: Default game type: CREATIVE
[09:21:12] [Server thread/INFO]: Generating keypair
[09:21:12] [Server thread/INFO]: Starting Minecraft server on *:25565
[09:21:12] [Server thread/INFO]: Using epoll channel type
[09:21:12] [Server thread/INFO]: Paper: Using libdeflate (Linux x86_64) compression from Velocity.
[09:21:12] [Server thread/INFO]: Paper: Using OpenSSL 3.0.x (Linux x86_64) cipher from Velocity.
[09:21:12] [Server thread/INFO]: [ViaVersion] Loading server plugin ViaVersion v4.9.3
[09:21:12] [Server thread/INFO]: [ViaVersion] ViaVersion 4.9.3 is now loaded. Registering protocol transformers and injecting...
[09:21:12] [Via-Mappingloader-0/INFO]: [ViaVersion] Loading block connection mappings ...
[09:21:12] [Via-Mappingloader-0/INFO]: [ViaVersion] Using FastUtil Long2ObjectOpenHashMap for block connections
[09:21:12] [Server thread/INFO]: [ViaBackwards] Loading translations...
[09:21:12] [Server thread/INFO]: [ViaBackwards] Registering protocols...
[09:21:12] [Server thread/INFO]: [WorldEdit] Loading server plugin WorldEdit v7.2.20+6667-f0f1e66
[09:21:13] [Server thread/INFO]: Got request to register class com.sk89q.worldedit.bukkit.BukkitServerInterface with WorldEdit [com.sk89q.worldedit.extension.platform.PlatformManager@3a37599b]
[09:21:13] [Server thread/INFO]: [Plan] Loading server plugin Plan v5.6 build 2820
[09:21:13] [Server thread/INFO]: [ViaBackwards] Loading server plugin ViaBackwards v4.9.2
[09:21:13] [Server thread/INFO]: Server permissions file permissions.yml is empty, ignoring it
[09:21:13] [Server thread/INFO]: [WorldEdit] Enabling WorldEdit v7.2.20+6667-f0f1e66
[09:21:13] [Server thread/INFO]: Registering commands with com.sk89q.worldedit.bukkit.BukkitServerInterface
[09:21:13] [Server thread/INFO]: WEPIF: Using the Bukkit Permissions API.
[09:21:13] [Server thread/INFO]: Using com.sk89q.worldedit.bukkit.adapter.impl.v1_20_R3.PaperweightAdapter as the Bukkit adapter
[09:21:13] [Server thread/WARN]: **** SERVER IS RUNNING IN OFFLINE/INSECURE MODE!
[09:21:13] [Server thread/WARN]: The server will make no attempt to authenticate usernames. Beware.
[09:21:13] [Server thread/WARN]: While this makes the game possible to play without internet access, it also opens up the ability for hackers to connect with any username they choose.
[09:21:13] [Server thread/WARN]: To change this, set "online-mode" to "true" in the server.properties file.
[09:21:13] [Server thread/INFO]: Preparing level "tretower"
[09:21:14] [Server thread/INFO]: Preparing start region for dimension minecraft:overworld
[09:21:14] [Server thread/INFO]: Time elapsed: 87 ms
[09:21:14] [Server thread/INFO]: Preparing start region for dimension minecraft:the_nether
[09:21:14] [Server thread/INFO]: Time elapsed: 63 ms
[09:21:14] [Server thread/INFO]: Preparing start region for dimension minecraft:the_end
[09:21:14] [Server thread/INFO]: Time elapsed: 44 ms
[09:21:14] [Server thread/INFO]: [ViaVersion] Enabling ViaVersion v4.9.3
[09:21:14] [Server thread/INFO]: [ViaVersion] ViaVersion detected server version: 1.20.3/1.20.4 (765)
[09:21:14] [Server thread/INFO]: [Plan] Enabling Plan v5.6 build 2820
[09:21:15] [Server thread/INFO]: [Plan] 
[09:21:15] [Server thread/INFO]: [Plan]            ██▌
[09:21:15] [Server thread/INFO]: [Plan]      ██▌   ██▌
[09:21:15] [Server thread/INFO]: [Plan]   ██▌██▌██▌██▌  Player Analytics
[09:21:15] [Server thread/INFO]: [Plan]   ██▌██▌██▌██▌  v5.6 build 2820
[09:21:15] [Server thread/INFO]: [Plan] 
[09:21:15] [Server thread/INFO]: [Plan] Locale: 'English' by AuroraLS3
[09:21:15] [Server thread/INFO]: [Plan] Downloading SQLite Driver, this may take a while...
[09:21:15] [Plan SQLiteDB-transaction-thread-1/INFO]: [Plan] Database: Making sure schema is up to date..
[09:21:15] [Server thread/INFO]: [Plan] SQLite-database connection established.
[09:21:15] [Plan SQLiteDB-transaction-thread-1/INFO]: [Plan] All database patches applied successfully.
[09:21:15] [Server thread/INFO]: [Plan] WebServer: Certificate KeyStore File not Found: plugins/Plan/Cert.jks
[09:21:15] [Server thread/INFO]: [Plan] WebServer: No Certificate -> Using HTTP-server for Visualization.
[09:21:15] [Server thread/INFO]: [Plan] WebServer: User Authorization Disabled! (Not secure over HTTP)
[09:21:15] [Server thread/INFO]: [Plan] Webserver running on PORT 8804 ( http://localhost:8804 )
[09:21:15] [Server thread/INFO]: [Plan] Loading server identifying information
[09:21:15] [Server thread/INFO]: [Plan] Server identifier loaded: 6c020606-d089-4120-9be6-f2f79c333d40
[09:21:15] [Plan Non critical-pool-3/WARN]: [Plan] Downloading GeoLite2 requires accepting GeoLite2 EULA - see 'Data_gathering.Accept_GeoLite2_EULA' in the config.
[09:21:15] [Plan Non critical-pool-3/ERROR]: [Plan] Failed to enable geolocation.
[09:21:15] [Server thread/INFO]: [Plan] Registered extension: ViaVersion
[09:21:15] [Server thread/INFO]: [Plan] Player Analytics Enabled.
[09:21:15] [Server thread/INFO]: [ViaBackwards] Enabling ViaBackwards v4.9.2
[09:21:15] [Server thread/INFO]: Starting remote control listener
[09:21:15] [Server thread/INFO]: Thread RCON Listener started
[09:21:15] [Server thread/INFO]: RCON running on 0.0.0.0:25575
[09:21:15] [Server thread/INFO]: Running delayed init tasks
[09:21:15] [Craft Scheduler Thread - 2 - ViaVersion/INFO]: [ViaVersion] Finished mapping loading, shutting down loader executor!
[09:21:15] [Server thread/INFO]: Done (3.977s)! For help, type "help"
[09:21:15] [Server thread/INFO]: Timings Reset
[09:21:16] [Server thread/WARN]: [ViaVersion] There is a newer plugin version available: 5.0.1, you're on: 4.9.3
[09:21:16] [Craft Scheduler Thread - 1 - Plan/INFO]: [Plan] ----------------------------------------
[09:21:16] [Craft Scheduler Thread - 1 - Plan/INFO]: [Plan] New Release (5.6.2883) is available https://github.com/plan-player-analytics/Plan/releases
[09:21:16] [Craft Scheduler Thread - 1 - Plan/INFO]: [Plan] ----------------------------------------
[09:21:46] [User Authenticator #0/INFO]: UUID of player BlockBuilderJoe is ab6a1740-bbeb-3d84-8f13-230242612517
[09:21:47] [Server thread/INFO]: BlockBuilderJoe joined the game
[09:21:47] [Server thread/INFO]: BlockBuilderJoe[/127.0.0.1:44920] logged in with entity id 11 at ([tretower]-84.24770575580953, 68.0, 605.6826348929812)
[09:24:46] [Server thread/INFO]: BlockBuilderJoe issued server command: //set stripped_oak
[09:24:54] [Server thread/INFO]: BlockBuilderJoe issued server command: //set stripped_oak_wood
[09:25:25] [Server thread/INFO]: BlockBuilderJoe issued server command: //set 0
[09:26:00] [Server thread/INFO]: BlockBuilderJoe issued server command: //copy
[09:26:06] [Server thread/INFO]: BlockBuilderJoe issued server command: //paste
[09:28:00] [Server thread/INFO]: BlockBuilderJoe issued server command: //pos2
[09:28:03] [Server thread/INFO]: BlockBuilderJoe issued server command: //set 0
[09:28:44] [Server thread/INFO]: BlockBuilderJoe issued server command: //set stone
[09:34:48] [Server thread/INFO]: BlockBuilderJoe issued server command: //pos1
[09:34:56] [Server thread/INFO]: BlockBuilderJoe issued server command: //pos2
[09:34:59] [Server thread/INFO]: BlockBuilderJoe issued server command: //set air
[09:35:30] [Server thread/INFO]: BlockBuilderJoe issued server command: //pos1
[09:35:39] [Server thread/INFO]: BlockBuilderJoe issued server command: //pos2
[09:35:41] [Server thread/INFO]: BlockBuilderJoe issued server command: //set 0
[09:36:44] [Server thread/INFO]: BlockBuilderJoe issued server command: //pos1
[09:36:51] [Server thread/INFO]: BlockBuilderJoe issued server command: //pos2
[09:36:55] [Server thread/INFO]: BlockBuilderJoe issued server command: //set 0
[09:37:32] [Server thread/INFO]: BlockBuilderJoe issued server command: //wand
[09:37:34] [Server thread/INFO]: BlockBuilderJoe issued server command: /cleat
[09:37:36] [Server thread/INFO]: BlockBuilderJoe issued server command: /clear
[09:37:36] [Server thread/INFO]: [BlockBuilderJoe: Removed 18 item(s) from player BlockBuilderJoe]
[09:37:38] [Server thread/INFO]: BlockBuilderJoe issued server command: //wand
[09:37:48] [Server thread/INFO]: BlockBuilderJoe issued server command: //pos2
[09:37:52] [Server thread/INFO]: BlockBuilderJoe issued server command: //set 0
[09:40:04] [Server thread/INFO]: BlockBuilderJoe issued server command: //set 0
[09:40:14] [Server thread/INFO]: BlockBuilderJoe issued server command: //set 0
[09:42:10] [Server thread/INFO]: BlockBuilderJoe issued server command: //pos2
[09:42:17] [Server thread/INFO]: BlockBuilderJoe issued server command: //copy
[09:42:20] [Server thread/INFO]: BlockBuilderJoe issued server command: //cut
[09:42:23] [Server thread/INFO]: BlockBuilderJoe issued server command: //paste
[09:43:13] [Server thread/INFO]: BlockBuilderJoe issued server command: //pos1
[09:43:22] [Server thread/INFO]: BlockBuilderJoe issued server command: //pos2
[09:43:24] [Server thread/INFO]: BlockBuilderJoe issued server command: //set 0
[09:43:40] [Server thread/INFO]: BlockBuilderJoe issued server command: //set stone
[09:45:00] [Server thread/INFO]: BlockBuilderJoe issued server command: //set 0
[09:45:07] [Server thread/INFO]: BlockBuilderJoe issued server command: //set 0
[09:46:25] [Server thread/INFO]: BlockBuilderJoe issued server command: //pos2
[09:46:38] [Server thread/INFO]: BlockBuilderJoe issued server command: //stack 10 forward
[09:46:50] [Server thread/INFO]: BlockBuilderJoe issued server command: //undo
[09:47:27] [Server thread/INFO]: BlockBuilderJoe issued server command: //stack 20 forward
[09:47:40] [Server thread/INFO]: BlockBuilderJoe issued server command: //stack 100 back
[09:49:03] [Server thread/INFO]: BlockBuilderJoe issued server command: //undo
[09:49:05] [Server thread/INFO]: BlockBuilderJoe issued server command: //undo
[09:49:17] [Server thread/INFO]: BlockBuilderJoe issued server command: //stack 13 forward
[09:52:06] [Server thread/INFO]: BlockBuilderJoe issued server command: //set stone
[09:52:19] [Server thread/INFO]: BlockBuilderJoe issued server command: //set air
[09:52:31] [Server thread/INFO]: BlockBuilderJoe issued server command: //set stone
[09:52:54] [Server thread/INFO]: BlockBuilderJoe issued server command: //set stone
[09:54:09] [Server thread/INFO]: BlockBuilderJoe issued server command: //set stone
[09:54:37] [Server thread/INFO]: BlockBuilderJoe issued server command: //set 0
[09:55:08] [Server thread/INFO]: BlockBuilderJoe issued server command: //set 0
[09:57:35] [Server thread/INFO]: BlockBuilderJoe issued server command: //set 0
[10:06:48] [Server thread/INFO]: BlockBuilderJoe lost connection: You have been idle for too long!
[10:06:48] [Server thread/INFO]: BlockBuilderJoe left the game
[10:12:49] [User Authenticator #1/INFO]: UUID of player BlockBuilderJoe is ab6a1740-bbeb-3d84-8f13-230242612517
[10:12:49] [Server thread/INFO]: BlockBuilderJoe joined the game
[10:12:49] [Server thread/INFO]: BlockBuilderJoe[/127.0.0.1:44848] logged in with entity id 1124 at ([tretower]-92.74656861930032, 80.07496851104236, 593.0493245066315)
[10:16:23] [Server thread/INFO]: BlockBuilderJoe issued server command: //pos2
[10:16:41] [Server thread/INFO]: BlockBuilderJoe issued server command: //copy
[10:16:47] [Server thread/INFO]: BlockBuilderJoe issued server command: //paste
[10:18:23] [Server thread/INFO]: BlockBuilderJoe issued server command: //set 0
[10:18:33] [Server thread/INFO]: BlockBuilderJoe issued server command: //set stone
[10:19:12] [Server thread/INFO]: BlockBuilderJoe issued server command: //pos2
[10:19:19] [Server thread/INFO]: BlockBuilderJoe issued server command: //copy
[10:19:26] [Server thread/INFO]: BlockBuilderJoe issued server command: //stack 20 back
[10:19:36] [Server thread/INFO]: BlockBuilderJoe issued server command: //undo
[10:19:56] [Server thread/INFO]: BlockBuilderJoe issued server command: //stack 8 back
[10:25:07] [Server thread/INFO]: BlockBuilderJoe issued server command: //replace stone 20%cracked_stone_bricks,30%cobblstone,10%stone,30%stone_bricks
[10:25:30] [Server thread/INFO]: BlockBuilderJoe issued server command: //replace stone 20%cracked_stone_bricks,30%cobblstone,10%stone,30%stone_bricks
[10:25:42] [Server thread/INFO]: BlockBuilderJoe issued server command: //replace stone 20%cracked_stone_bricks,30%cobblestone,10%stone,30%stone_bricks
[10:27:40] [Server thread/INFO]: BlockBuilderJoe issued server command: //set dirt 0
[10:27:50] [Server thread/INFO]: BlockBuilderJoe issued server command: //replace grass_block 0
[10:27:54] [Server thread/INFO]: BlockBuilderJoe issued server command: //replace dirt 0
[10:32:22] [Server thread/INFO]: BlockBuilderJoe lost connection: You have been idle for too long!
[10:32:22] [Server thread/INFO]: BlockBuilderJoe left the game
[10:33:18] [Server thread/INFO]: Saving the game (this may take a moment!)
[10:33:19] [Server thread/INFO]: Saved the game
[10:34:01] [Server thread/INFO]: Stopping the server
[10:34:01] [Server thread/INFO]: Stopping server
[10:34:01] [Server thread/INFO]: [ViaBackwards] Disabling ViaBackwards v4.9.2
[10:34:01] [Server thread/INFO]: [Plan] Disabling Plan v5.6 build 2820
[10:34:01] [Server thread/INFO]: [Plan] Processing complete.
[10:34:01] [Server thread/INFO]: [Plan] Waiting for unfinished transactions to avoid data loss..
[10:34:01] [Server thread/INFO]: [Plan] Transaction queue closed.
[10:34:01] [Server thread/INFO]: [Plan] Waiting queries to finish to avoid SQLite crashing JVM..
[10:34:01] [Server thread/INFO]: [Plan] Closed SQLite connection.
[10:34:01] [Server thread/INFO]: [Plan] Player Analytics Disabled.
[10:34:01] [Server thread/INFO]: [WorldEdit] Disabling WorldEdit v7.2.20+6667-f0f1e66
[10:34:01] [Server thread/INFO]: Unregistering com.sk89q.worldedit.bukkit.BukkitServerInterface from WorldEdit
[10:34:01] [Server thread/INFO]: [ViaVersion] Disabling ViaVersion v4.9.3
[10:34:01] [Server thread/INFO]: [ViaVersion] ViaVersion is disabling, if this is a reload and you experience issues consider rebooting.
[10:34:01] [Server thread/INFO]: Saving players
[10:34:01] [Server thread/INFO]: Saving worlds
[10:34:01] [Server thread/INFO]: Saving chunks for level 'ServerLevel[tretower]'/minecraft:overworld
[10:34:01] [Server thread/INFO]: [ChunkHolderManager] Waiting 60s for chunk system to halt for world 'tretower'
[10:34:01] [Server thread/INFO]: [ChunkHolderManager] Halted chunk system for world 'tretower'
[10:34:01] [Server thread/INFO]: [ChunkHolderManager] Saving all chunkholders for world 'tretower'
[10:34:01] [Server thread/INFO]: [ChunkHolderManager] Saved 0 block chunks, 29 entity chunks, 0 poi chunks in world 'tretower' in 0.02s
[10:34:01] [Server thread/INFO]: ThreadedAnvilChunkStorage (tretower): All chunks are saved
[10:34:01] [Server thread/INFO]: Saving chunks for level 'ServerLevel[tretower_nether]'/minecraft:the_nether
[10:34:01] [Server thread/INFO]: [ChunkHolderManager] Waiting 60s for chunk system to halt for world 'tretower_nether'
[10:34:01] [Server thread/INFO]: [ChunkHolderManager] Halted chunk system for world 'tretower_nether'
[10:34:01] [Server thread/INFO]: [ChunkHolderManager] Saving all chunkholders for world 'tretower_nether'
[10:34:01] [Server thread/INFO]: [ChunkHolderManager] Saved 0 block chunks, 0 entity chunks, 0 poi chunks in world 'tretower_nether' in 0.00s
[10:34:01] [Server thread/INFO]: ThreadedAnvilChunkStorage (DIM-1): All chunks are saved
[10:34:01] [Server thread/INFO]: Saving chunks for level 'ServerLevel[tretower_the_end]'/minecraft:the_end
[10:34:01] [Server thread/INFO]: [ChunkHolderManager] Waiting 60s for chunk system to halt for world 'tretower_the_end'
[10:34:01] [Server thread/INFO]: [ChunkHolderManager] Halted chunk system for world 'tretower_the_end'
[10:34:01] [Server thread/INFO]: [ChunkHolderManager] Saving all chunkholders for world 'tretower_the_end'
[10:34:01] [Server thread/INFO]: [ChunkHolderManager] Saved 0 block chunks, 10 entity chunks, 0 poi chunks in world 'tretower_the_end' in 0.00s
[10:34:01] [Server thread/INFO]: ThreadedAnvilChunkStorage (DIM1): All chunks are saved
[10:34:01] [Server thread/INFO]: ThreadedAnvilChunkStorage: All dimensions are saved
[10:34:01] [Server thread/INFO]: Flushing Chunk IO
[10:34:01] [Server thread/INFO]: Closing Thread Pool
[10:34:01] [Server thread/INFO]: Closing Server
