[10:26:27] [User Authenticator #8/INFO]: UUID of player BlockB110 is e167822e-aeb1-46f5-8b57-c0007920e80a
[10:26:27] [Server thread/INFO]: BlockB110 joined the game
[10:26:27] [Server thread/INFO]: BlockB110[/10.147.17.144:61297] logged in with entity id 31 at ([Conwyx2]25070.3838760066, 74.72718733638267, 25139.345166119514)
[10:29:27] [Server thread/INFO]: BlockB110 lost connection: You have been idle for too long!
[10:29:27] [Server thread/INFO]: BlockB110 left the game
[10:50:24] [User Authenticator #9/INFO]: UUID of player BlockB110 is e167822e-aeb1-46f5-8b57-c0007920e80a
[10:50:24] [Server thread/INFO]: BlockB110 joined the game
[10:50:25] [Server thread/INFO]: BlockB110[/10.147.17.144:62971] logged in with entity id 32 at ([Conwyx2]25070.3838760066, 74.72718733638267, 25139.345166119514)
[10:51:33] [User Authenticator #10/INFO]: UUID of player BlockBuilderJoe is 2c69d517-f2d1-4f9c-a21f-de06c6b461fe
[10:51:33] [Server thread/INFO]: BlockBuilderJoe joined the game
[10:51:33] [Server thread/INFO]: BlockBuilderJoe[/10.147.17.227:50216] logged in with entity id 33 at ([Conwyx2]25280.24606601672, 72.22867187087402, 25118.60583305597)
[10:52:54] [Server thread/INFO]: BlockBuilderJoe issued server command: //brush cylinder stone_bricks 3
[10:53:10] [Server thread/INFO]: BlockBuilderJoe issued server command: //undo
[10:53:26] [Server thread/INFO]: BlockBuilderJoe issued server command: //undo
[10:53:52] [Server thread/INFO]: BlockB110 lost connection: You have been idle for too long!
[10:53:52] [Server thread/INFO]: BlockB110 left the game
[10:54:40] [Server thread/INFO]: BlockBuilderJoe issued server command: //brush sphere stone
[10:56:36] [Server thread/INFO]: BlockBuilderJoe issued server command: //mask !air
[10:56:42] [Server thread/INFO]: BlockBuilderJoe issued server command: /mask !air
[10:57:43] [Server thread/INFO]: BlockBuilderJoe issued server command: //brush sphere 10%basalt,10%cobblestone,20%stone
[10:58:10] [Server thread/INFO]: BlockBuilderJoe issued server command: //brush sphere 10%basalt,10%cobblestone,20%stone,20%mossy_cobblestone
[10:58:31] [Server thread/INFO]: BlockBuilderJoe issued server command: //brush sphere 10%basalt,10%cobblestone,20%stone,20%mossy_cobblestone,20%grass_block
[10:59:12] [User Authenticator #11/INFO]: UUID of player BlockB110 is e167822e-aeb1-46f5-8b57-c0007920e80a
[10:59:12] [Server thread/INFO]: BlockB110 joined the game
[10:59:12] [Server thread/INFO]: BlockB110[/10.147.17.144:63634] logged in with entity id 34 at ([Conwyx2]25019.917738935786, 49.0, 25166.214151074735)
[10:59:56] [Server thread/INFO]: BlockBuilderJoe issued server command: //undo
[11:05:59] [Server thread/INFO]: BlockBuilderJoe issued server command: //wand
[11:06:02] [Server thread/INFO]: BlockBuilderJoe issued server command: /clear
[11:06:02] [Server thread/INFO]: [BlockBuilderJoe: Removed 11 item(s) from player BlockBuilderJoe]
[11:06:03] [Server thread/INFO]: BlockBuilderJoe issued server command: //wand
[11:06:10] [Server thread/INFO]: BlockBuilderJoe issued server command: //set dirt
[11:06:19] [Server thread/INFO]: BlockBuilderJoe issued server command: //set dirt
[11:07:28] [Server thread/INFO]: BlockBuilderJoe issued server command: //wand
[11:07:44] [Server thread/INFO]: BlockBuilderJoe issued server command: //flora 60
[11:08:00] [Server thread/INFO]: BlockBuilderJoe issued server command: //flora 60
[11:08:17] [Server thread/INFO]: BlockBuilderJoe issued server command: //flora 60
[11:08:21] [Server thread/INFO]: BlockBuilderJoe issued server command: //undo
[11:09:01] [Server thread/INFO]: BlockBuilderJoe issued server command: /clear
[11:09:01] [Server thread/INFO]: [BlockBuilderJoe: Removed 2 item(s) from player BlockBuilderJoe]
[11:10:01] [Server thread/INFO]: BlockBuilderJoe issued server command: //brush sphere stone50%,10%blackstone,10%dirt,10%mossy_cobblestone
[11:10:15] [Server thread/INFO]: BlockBuilderJoe issued server command: //brush sphere 50%stone,10%blackstone,10%dirt,10%mossy_cobblestone
[11:10:32] [Server thread/INFO]: BlockBuilderJoe issued server command: //undo
[11:12:19] [Server thread/INFO]: BlockBuilderJoe issued server command: //wand
[11:12:30] [Server thread/INFO]: BlockBuilderJoe issued server command: //flora
[11:12:34] [Server thread/INFO]: BlockBuilderJoe issued server command: //flora 60
[11:24:24] [Server thread/INFO]: BlockBuilderJoe issued server command: /gamemode a
[11:24:33] [Server thread/INFO]: BlockBuilderJoe issued server command: /gamemode adventure
[11:24:33] [Server thread/INFO]: [BlockBuilderJoe: Set own game mode to Adventure Mode]
[11:24:57] [Server thread/INFO]: BlockBuilderJoe issued server command: /gamemode c
[11:25:03] [Server thread/INFO]: BlockBuilderJoe issued server command: /gamemode creative
[11:25:03] [Server thread/INFO]: [BlockBuilderJoe: Set own game mode to Creative Mode]
[11:31:54] [Server thread/INFO]: BlockBuilderJoe lost connection: You have been idle for too long!
[11:31:54] [Server thread/INFO]: BlockBuilderJoe left the game
[11:32:47] [Server thread/INFO]: BlockB110 lost connection: You have been idle for too long!
[11:32:47] [Server thread/INFO]: BlockB110 left the game
[11:51:38] [User Authenticator #12/INFO]: UUID of player BlockB110 is e167822e-aeb1-46f5-8b57-c0007920e80a
[11:51:38] [Server thread/INFO]: BlockB110 joined the game
[11:51:38] [Server thread/INFO]: BlockB110[/10.147.17.144:50521] logged in with entity id 35 at ([Conwyx2]25068.767883386517, 72.0, 25211.188352444107)
[11:56:40] [User Authenticator #13/INFO]: UUID of player BlockBuilderJoe is 2c69d517-f2d1-4f9c-a21f-de06c6b461fe
[11:56:40] [Server thread/INFO]: BlockBuilderJoe joined the game
[11:56:40] [Server thread/INFO]: BlockBuilderJoe[/10.147.17.227:57040] logged in with entity id 36 at ([Conwyx2]24993.119014125514, 72.653304966591, 25228.820952994163)
[12:03:40] [Server thread/INFO]: BlockBuilderJoe issued server command: //pos1
[12:03:47] [Server thread/INFO]: BlockBuilderJoe issued server command: //pos2
[12:03:55] [Server thread/INFO]: BlockBuilderJoe issued server command: //replace air moss_carpet
[12:04:03] [Server thread/INFO]: BlockBuilderJoe issued server command: //pos1
[12:04:13] [Server thread/INFO]: BlockBuilderJoe issued server command: //pos2
[12:04:18] [Server thread/INFO]: BlockBuilderJoe issued server command: //replace air moss_carpet
[12:04:48] [Server thread/INFO]: BlockBuilderJoe issued server command: //pos1
[12:04:56] [Server thread/INFO]: BlockBuilderJoe issued server command: //pos2
[12:05:04] [Server thread/INFO]: BlockBuilderJoe issued server command: //replace air moss_carpet
[12:05:11] [Server thread/INFO]: BlockBuilderJoe issued server command: //pos1
[12:05:17] [Server thread/INFO]: BlockBuilderJoe issued server command: //pos2
[12:05:21] [Server thread/INFO]: BlockBuilderJoe issued server command: //replace air moss_carpet
[12:05:45] [Server thread/INFO]: BlockBuilderJoe issued server command: //pos1
[12:05:50] [Server thread/INFO]: BlockBuilderJoe issued server command: //pos2
[12:06:07] [Server thread/INFO]: BlockBuilderJoe issued server command: //replace moss_block air
[12:06:15] [Server thread/INFO]: BlockBuilderJoe issued server command: //fill moss_block replace air
[12:06:30] [Server thread/INFO]: BlockBuilderJoe issued server command: //replace air moss_block
[12:06:34] [Server thread/INFO]: BlockBuilderJoe issued server command: //undo
[12:06:39] [Server thread/INFO]: BlockBuilderJoe issued server command: //replace air moss_carpet
[12:07:24] [Server thread/INFO]: BlockBuilderJoe issued server command: //pos1
[12:07:32] [Server thread/INFO]: BlockBuilderJoe issued server command: //pos2
[12:07:40] [Server thread/INFO]: BlockBuilderJoe issued server command: //replace air moss_carpet
[12:08:08] [Server thread/INFO]: BlockBuilderJoe issued server command: //pos1
[12:08:15] [Server thread/INFO]: BlockBuilderJoe issued server command: //po2
[12:08:17] [Server thread/INFO]: BlockBuilderJoe issued server command: //pos2
[12:08:22] [Server thread/INFO]: BlockBuilderJoe issued server command: //replace air moss_carpet
[12:14:12] [Server thread/INFO]: BlockBuilderJoe issued server command: //pos1
[12:14:19] [Server thread/INFO]: BlockBuilderJoe issued server command: //pos2
[12:14:27] [Server thread/INFO]: BlockBuilderJoe issued server command: //replace moss_carpet
[12:14:34] [Server thread/INFO]: BlockBuilderJoe issued server command: //replace air moss_carpetd
[12:14:37] [Server thread/INFO]: BlockBuilderJoe issued server command: //replace air moss_carpet
[12:14:52] [Server thread/INFO]: BlockBuilderJoe issued server command: //pos1
[12:14:58] [Server thread/INFO]: BlockBuilderJoe issued server command: //pos2
[12:15:03] [Server thread/INFO]: BlockBuilderJoe issued server command: //replace air moss_carpet
[12:18:41] [Server thread/INFO]: BlockBuilderJoe issued server command: /tp BlockB110
[12:18:41] [Server thread/INFO]: [BlockBuilderJoe: Teleported BlockBuilderJoe to BlockB110]
[12:20:27] [Server thread/INFO]: BlockBuilderJoe issued server command: //set air
[12:20:34] [Server thread/INFO]: BlockBuilderJoe issued server command: //undi
[12:20:36] [Server thread/INFO]: BlockBuilderJoe issued server command: //undi
[12:20:40] [Server thread/INFO]: BlockBuilderJoe issued server command: //undo
[12:20:45] [Server thread/INFO]: BlockBuilderJoe issued server command: //set air
[12:24:17] [Server thread/INFO]: BlockB110 lost connection: You have been idle for too long!
[12:24:17] [Server thread/INFO]: BlockB110 left the game
[12:24:27] [User Authenticator #14/INFO]: UUID of player BlockB110 is e167822e-aeb1-46f5-8b57-c0007920e80a
[12:24:27] [Server thread/INFO]: BlockB110 joined the game
[12:24:27] [Server thread/INFO]: BlockB110[/10.147.17.144:52542] logged in with entity id 38 at ([Conwyx2]25246.276557008197, 66.61517612413755, 25210.545371428696)
[12:28:38] [Server thread/INFO]: BlockBuilderJoe issued server command: //pos1
[12:28:49] [Server thread/INFO]: BlockBuilderJoe issued server command: //pos2
[12:28:53] [Server thread/INFO]: BlockBuilderJoe issued server command: //flora 60
[12:29:14] [Server thread/INFO]: BlockBuilderJoe issued server command: /tree largeoak
[12:31:54] [Server thread/INFO]: BlockB110 lost connection: You have been idle for too long!
[12:31:54] [Server thread/INFO]: BlockB110 left the game
[12:32:06] [User Authenticator #15/INFO]: UUID of player BlockB110 is e167822e-aeb1-46f5-8b57-c0007920e80a
[12:32:06] [Server thread/INFO]: BlockB110 joined the game
[12:32:06] [Server thread/INFO]: BlockB110[/10.147.17.144:53007] logged in with entity id 39 at ([Conwyx2]25242.647316902505, 62.61650136792814, 25232.13794245516)
[12:40:41] [Server thread/INFO]: BlockB110 lost connection: Disconnected
[12:40:41] [Server thread/INFO]: BlockB110 left the game
[12:40:43] [Server thread/INFO]: BlockBuilderJoe lost connection: Disconnected
[12:40:43] [Server thread/INFO]: BlockBuilderJoe left the game
[13:06:41] [User Authenticator #16/INFO]: UUID of player BlockBuilderJoe is 2c69d517-f2d1-4f9c-a21f-de06c6b461fe
[13:06:41] [Server thread/INFO]: BlockBuilderJoe joined the game
[13:06:41] [Server thread/INFO]: BlockBuilderJoe[/10.147.17.227:59782] logged in with entity id 49 at ([Conwyx2]25271.072195203178, 61.0, 25172.54281799513)
[13:10:34] [Server thread/INFO]: BlockBuilderJoe issued server command: //cyl stone_bricks 5
[13:10:40] [Server thread/INFO]: BlockBuilderJoe issued server command: //undo
[13:10:45] [Server thread/INFO]: BlockBuilderJoe issued server command: //cyl stone_bricks 3 10
[13:10:50] [Server thread/INFO]: BlockBuilderJoe issued server command: /thru
[13:11:02] [Server thread/INFO]: BlockBuilderJoe issued server command: //cyl stone_bricks 3 10
[13:11:09] [Server thread/INFO]: BlockBuilderJoe issued server command: //undo
[13:11:12] [Server thread/INFO]: BlockBuilderJoe issued server command: //undo
[13:11:21] [Server thread/INFO]: BlockBuilderJoe issued server command: //cyl stone_bricks 3 60
[13:11:23] [Server thread/INFO]: BlockBuilderJoe issued server command: //thru
[13:11:32] [Server thread/INFO]: BlockBuilderJoe issued server command: /thru
[13:11:43] [Server thread/INFO]: BlockBuilderJoe issued server command: //undo
[13:11:54] [Server thread/INFO]: BlockBuilderJoe issued server command: //cyl stone_bricks 3 35
[13:11:57] [Server thread/INFO]: BlockBuilderJoe issued server command: /thru
[13:11:59] [Server thread/INFO]: BlockBuilderJoe issued server command: /thru
[13:12:07] [Server thread/INFO]: BlockBuilderJoe issued server command: /tp ~ 200 ~
[13:12:07] [Server thread/INFO]: [BlockBuilderJoe: Teleported BlockBuilderJoe to 25304.700000, 200.000000, 25233.300000]
[13:12:41] [Server thread/INFO]: BlockBuilderJoe issued server command: //pos1
[13:12:48] [Server thread/INFO]: BlockBuilderJoe issued server command: //pos2
[13:12:50] [Server thread/INFO]: BlockBuilderJoe issued server command: //set 0
[13:16:48] [Server thread/INFO]: BlockBuilderJoe issued server command: //brush stone
[13:16:58] [Server thread/INFO]: BlockBuilderJoe issued server command: //brush sphere stone
[13:17:04] [Server thread/INFO]: BlockBuilderJoe issued server command: /mask !air
[13:18:04] [Server thread/INFO]: BlockBuilderJoe issued server command: //undo
[13:18:12] [Server thread/INFO]: BlockBuilderJoe issued server command: /tree largeoak
[13:18:34] [Server thread/INFO]: BlockBuilderJoe issued server command: //undo
[13:18:38] [Server thread/INFO]: BlockBuilderJoe issued server command: //undo
[13:18:45] [Server thread/INFO]: BlockBuilderJoe issued server command: //undo
[13:18:58] [Server thread/INFO]: BlockBuilderJoe issued server command: //brush cylinder air
[13:19:03] [Server thread/INFO]: BlockBuilderJoe issued server command: //undo
[13:19:07] [Server thread/INFO]: BlockBuilderJoe issued server command: //brush cylinder stone
[13:19:28] [Server thread/INFO]: BlockBuilderJoe issued server command: //br cyl air
[13:20:33] [Server thread/INFO]: BlockBuilderJoe issued server command: //undo
[13:20:41] [Server thread/INFO]: BlockBuilderJoe issued server command: //br stone
[13:20:48] [Server thread/INFO]: BlockBuilderJoe issued server command: //br cyl stone
[13:21:27] [Server thread/INFO]: BlockBuilderJoe issued server command: //u
[13:21:31] [Server thread/INFO]: BlockBuilderJoe issued server command: //undo
[13:21:32] [Server thread/INFO]: BlockBuilderJoe issued server command: //undo
[13:21:33] [Server thread/INFO]: BlockBuilderJoe issued server command: //undo
[13:21:34] [Server thread/INFO]: BlockBuilderJoe issued server command: //undo
[13:36:11] [Server thread/INFO]: BlockBuilderJoe issued server command: /effect give @p minecraft:night_vision
[13:36:11] [Server thread/INFO]: [BlockBuilderJoe: Applied effect Night Vision to BlockBuilderJoe]
[13:46:25] [Server thread/INFO]: BlockBuilderJoe issued server command: //wand
[13:46:27] [Server thread/INFO]: BlockBuilderJoe issued server command: /clear
[13:46:27] [Server thread/INFO]: [BlockBuilderJoe: Removed 35 item(s) from player BlockBuilderJoe]
[13:46:28] [Server thread/INFO]: BlockBuilderJoe issued server command: //wand
[13:46:39] [Server thread/INFO]: BlockBuilderJoe issued server command: //flora
[13:46:43] [Server thread/INFO]: BlockBuilderJoe issued server command: //flora 60
[13:49:02] [Server thread/INFO]: BlockBuilderJoe issued server command: //set stone_bricks
[14:14:14] [Server thread/INFO]: BlockBuilderJoe issued server command: /effect give night_vision
[14:14:21] [Server thread/INFO]: BlockBuilderJoe issued server command: /effect give @p minecraft:night_vision
[14:14:21] [Server thread/INFO]: [BlockBuilderJoe: Applied effect Night Vision to BlockBuilderJoe]
[14:21:25] [Server thread/INFO]: BlockBuilderJoe issued server command: /effect give @p minecraft:night_vision
[14:21:25] [Server thread/INFO]: [BlockBuilderJoe: Applied effect Night Vision to BlockBuilderJoe]
[14:24:28] [Server thread/INFO]: BlockBuilderJoe lost connection: Disconnected
[14:24:28] [Server thread/INFO]: BlockBuilderJoe left the game
[14:51:58] [User Authenticator #17/INFO]: UUID of player BlockBuilderJoe is 2c69d517-f2d1-4f9c-a21f-de06c6b461fe
[14:51:58] [Server thread/INFO]: BlockBuilderJoe joined the game
[14:51:58] [Server thread/INFO]: BlockBuilderJoe[/10.147.17.227:48712] logged in with entity id 51 at ([Conwyx2]25040.508201810655, 90.0854131281215, 25218.27899149732)
[15:04:07] [User Authenticator #18/INFO]: UUID of player BlockB110 is e167822e-aeb1-46f5-8b57-c0007920e80a
[15:04:07] [Server thread/INFO]: BlockB110 joined the game
[15:04:07] [Server thread/INFO]: BlockB110[/10.147.17.144:60313] logged in with entity id 52 at ([Conwyx2]25262.83102407144, 62.45604663572167, 25173.7805854139)
[15:04:16] [Server thread/INFO]: BlockB110 issued server command: /tp BlockBuilderJoe
[15:04:16] [Server thread/INFO]: [BlockB110: Teleported BlockB110 to BlockBuilderJoe]
[15:04:16] [Server thread/WARN]: BlockB110 moved too quickly! -264.9580805609112,14.530687389024415,71.6295880761354
[15:04:45] [Server thread/INFO]: BlockB110 lost connection: Disconnected
[15:04:45] [Server thread/INFO]: BlockB110 left the game
[15:04:46] [Server thread/INFO]: BlockBuilderJoe lost connection: Disconnected
[15:04:46] [Server thread/INFO]: BlockBuilderJoe left the game
[15:05:28] [Server thread/INFO]: Saving the game (this may take a moment!)
[15:05:28] [Server thread/INFO]: Saved the game
[15:05:58] [Server thread/INFO]: Saving the game (this may take a moment!)
[15:05:58] [Server thread/INFO]: Saved the game
