[17:40:15] [User Authenticator #59/INFO]: UUID of player alex86465 is 1682055d-59f7-48a4-8d0e-efa86179f777
[17:40:15] [Server thread/INFO]: alex86465 joined the game
[17:40:15] [Server thread/INFO]: alex86465[/10.147.17.188:49994] logged in with entity id 43705 at ([PHASE3]9865.214510510965, 77.95405685966298, 194.58616460754266)
[17:43:24] [Server thread/INFO]: alex86465 issued server command: //set air
[17:46:13] [Server thread/INFO]: alex86465 issued server command: //set stone_bricks
[17:46:18] [Server thread/INFO]: alex86465 issued server command: //set stone_bricks
[17:46:23] [Server thread/INFO]: alex86465 issued server command: //set stone_bricks
[17:46:27] [Server thread/INFO]: alex86465 issued server command: //set stone_bricks
[17:47:17] [Server thread/INFO]: alex86465 issued server command: //stack 12 down
[17:47:22] [Server thread/INFO]: alex86465 issued server command: //stack 12 down
[17:47:27] [Server thread/INFO]: alex86465 issued server command: //stack 12 down
[17:47:30] [Server thread/INFO]: alex86465 issued server command: //stack 12 down
[17:48:02] [Server thread/INFO]: alex86465 issued server command: //stack 12 up
[17:48:07] [Server thread/INFO]: alex86465 issued server command: //stack 16 up
[17:48:18] [Server thread/INFO]: alex86465 issued server command: //stack 17 up
[17:48:27] [Server thread/INFO]: alex86465 issued server command: //set air
[17:48:53] [Server thread/INFO]: alex86465 issued server command: //set air
[17:52:38] [Server thread/INFO]: alex86465 issued server command: //copy
[17:52:46] [Server thread/INFO]: alex86465 issued server command: //paste
[17:52:54] [Server thread/INFO]: alex86465 issued server command: //set air
[17:53:48] [Server thread/INFO]: alex86465 issued server command: //stack 12 down
[17:54:01] [Server thread/INFO]: alex86465 issued server command: //stack 12 down
[17:54:07] [Server thread/INFO]: alex86465 issued server command: //stack 12 down
[17:54:11] [Server thread/INFO]: alex86465 issued server command: //stack 12 down
[17:54:16] [Server thread/INFO]: alex86465 issued server command: //stack 12 down
[17:54:24] [Server thread/INFO]: alex86465 issued server command: //stack 12 down
[17:54:31] [Server thread/INFO]: alex86465 issued server command: //stack 12 down
[17:54:37] [Server thread/INFO]: alex86465 issued server command: //stack 12 down
[17:55:37] [Server thread/INFO]: alex86465 issued server command: //replace water air
[17:55:53] [Server thread/INFO]: alex86465 issued server command: //brush sphere sand 3
[17:56:09] [Server thread/INFO]: alex86465 issued server command: //brush sphere air 3
[17:56:12] [Server thread/INFO]: alex86465 issued server command: /mask bricks
[17:58:57] [Server thread/INFO]: alex86465 issued server command: //stack 12 down
[17:59:55] [Server thread/INFO]: alex86465 issued server command: //stack 5 up
[18:02:07] [Server thread/INFO]: alex86465 issued server command: //stack 6 down
[18:02:28] [Server thread/INFO]: alex86465 issued server command: //stack 6 down
[18:06:59] [Server thread/INFO]: alex86465 issued server command: //stack 5 down
[18:07:05] [Server thread/INFO]: alex86465 issued server command: //stack 5 up
[18:07:32] [Server thread/INFO]: alex86465 issued server command: //set air
[18:08:09] [Server thread/INFO]: alex86465 issued server command: //set air
[18:08:26] [Server thread/INFO]: alex86465 issued server command: //set air
[18:09:52] [Server thread/INFO]: alex86465 issued server command: //stack 15 down
[18:10:17] [Server thread/INFO]: alex86465 issued server command: //stack 15 down
[18:10:20] [Server thread/INFO]: alex86465 issued server command: //stack 15 down
[18:10:25] [Server thread/INFO]: alex86465 issued server command: //undo
[18:10:26] [Server thread/INFO]: alex86465 issued server command: //undo
[18:10:33] [Server thread/INFO]: alex86465 issued server command: //stack 2 down
[18:11:33] [Server thread/INFO]: alex86465 issued server command: //copy
[18:11:35] [Server thread/INFO]: alex86465 issued server command: //paste
[18:14:49] [Server thread/INFO]: alex86465 issued server command: //stack 1
[18:15:35] [Server thread/INFO]: alex86465 issued server command: //set air
[18:16:46] [Server thread/INFO]: alex86465 issued server command: //set stone_bricks
[18:16:54] [Server thread/INFO]: alex86465 issued server command: //set stone_bricks
[18:17:02] [Server thread/INFO]: alex86465 issued server command: //set stone_bricks
[18:17:14] [Server thread/INFO]: alex86465 issued server command: //set stone_bricks
[18:17:17] [Server thread/INFO]: alex86465 issued server command: //set stone_bricks
[18:18:46] [Server thread/INFO]: alex86465 issued server command: //set air
[18:18:48] [Server thread/INFO]: alex86465 issued server command: //set air
[18:19:01] [Server thread/INFO]: alex86465 issued server command: //set air
[18:19:16] [Server thread/INFO]: alex86465 issued server command: //copy
[18:19:18] [Server thread/INFO]: alex86465 issued server command: //apste
[18:19:21] [Server thread/INFO]: alex86465 issued server command: //paste
[18:20:14] [Server thread/INFO]: alex86465 issued server command: //set stone
[18:20:23] [Server thread/INFO]: alex86465 issued server command: //set stone
[18:20:31] [Server thread/INFO]: alex86465 issued server command: //set stone
[18:20:37] [Server thread/INFO]: alex86465 issued server command: //set stone
[18:20:43] [Server thread/INFO]: alex86465 issued server command: //set stone
[18:21:17] [Server thread/INFO]: alex86465 issued server command: //stack 1
[18:21:23] [Server thread/INFO]: alex86465 issued server command: //stack 1
[18:21:58] [Server thread/INFO]: alex86465 issued server command: //set air
[18:22:09] [Server thread/INFO]: alex86465 issued server command: //set stone_bricks
[18:22:12] [Server thread/INFO]: alex86465 issued server command: //set stone_bricks
[18:26:29] [Server thread/INFO]: alex86465 issued server command: //replace stone grass_block
[18:26:45] [Server thread/INFO]: alex86465 issued server command: //replace stone grass_block
[18:27:08] [Server thread/INFO]: alex86465 issued server command: //replace stone grass_block
[18:32:53] [Server thread/INFO]: alex86465 issued server command: //copy
[18:32:55] [Server thread/INFO]: alex86465 issued server command: //paste
[18:34:34] [Server thread/INFO]: alex86465 issued server command: //copy
[18:34:51] [Server thread/INFO]: alex86465 issued server command: //rotate 180
[18:34:52] [Server thread/INFO]: alex86465 issued server command: //paste
[18:35:05] [Server thread/INFO]: alex86465 issued server command: //stack 10 down
[18:35:09] [Server thread/INFO]: alex86465 issued server command: //stack 10 down
[18:35:40] [Server thread/INFO]: alex86465 issued server command: //set air
[18:37:26] [Server thread/INFO]: alex86465 issued server command: //copy
[18:37:30] [Server thread/INFO]: alex86465 issued server command: //paste
[18:37:33] [Server thread/INFO]: alex86465 issued server command: //paste
[18:37:47] [Server thread/INFO]: alex86465 issued server command: //paste
[18:37:51] [Server thread/INFO]: alex86465 issued server command: //paste
[18:37:58] [Server thread/INFO]: alex86465 issued server command: //paste
[18:38:00] [Server thread/INFO]: alex86465 issued server command: //paste
[18:38:32] [Server thread/INFO]: alex86465 issued server command: //paste
[18:38:50] [Server thread/INFO]: alex86465 issued server command: //set grass_block
[18:38:54] [Server thread/INFO]: alex86465 issued server command: //set grass_block
[18:39:00] [Server thread/INFO]: alex86465 issued server command: //set grass_block
[18:39:07] [Server thread/INFO]: alex86465 issued server command: //set grass_block
[18:39:13] [Server thread/INFO]: alex86465 issued server command: //set grass_block
[18:39:30] [Server thread/INFO]: alex86465 issued server command: /brush cyl smooth_sandstone 2
[18:39:33] [Server thread/INFO]: alex86465 issued server command: /mask
