2023-08-04 12:17:37|   0.0|  0.0|INFORM|Current FME version: FME 2023.0.0.1 (20230501 - Build 23288 - macosx-aarch64)
2023-08-04 12:17:37|   0.0|  0.0|INFORM|System Time: 20230804111738 UTC
2023-08-04 12:17:37|   0.0|  0.0|INFORM|FME_HOME is '/Library/FME/2023.0/'
2023-08-04 12:17:37|   0.0|  0.0|INFORM|FME Form (floating)
2023-08-04 12:17:37|   0.0|  0.0|INFORM|Permanent License.
2023-08-04 12:17:37|   0.0|  0.0|INFORM|Machine host name is: Joes-M1-Max-600
2023-08-04 12:17:37|   0.0|  0.0|INFORM|OS Locale Name     : en_GB
2023-08-04 12:17:37|   0.0|  0.0|INFORM|OS Locale Encoding : UTF-8
2023-08-04 12:17:37|   0.0|  0.0|INFORM|Process Encoding   : UTF-8
2023-08-04 12:17:37|   0.0|  0.0|INFORM|FME API version: '4.0 20230418'
2023-08-04 12:17:37|   0.0|  0.0|INFORM|FME Configuration: FME_BASE is 'no'
2023-08-04 12:17:37|   0.0|  0.0|INFORM|FME Configuration: FME_MF_DIR is '/Users/joe/Documents/GitHub/Cadw-new/Minecraft Models/Overmap/'
2023-08-04 12:17:37|   0.0|  0.0|INFORM|FME Configuration: FME_MF_NAME is 'Overall Map creator.fmw'
2023-08-04 12:17:37|   0.0|  0.0|INFORM|FME Configuration: FME_PRODUCT_NAME is 'FME(R) 2023.0.0.1'
2023-08-04 12:17:37|   0.0|  0.0|INFORM|Operating System: macOS Version 13.4.1 (c) (Build 22F770820d)
2023-08-04 12:17:37|   0.0|  0.0|INFORM|FME Platform: macosx-aarch64
2023-08-04 12:17:37|   0.0|  0.0|INFORM|System Status: 298.17 GB of disk space available in the FME temporary folder (/private/var/folders/7m/7nq11k8n2mxf_871ny539djc0000gn/T/wbrun_1690987893538_43007/fmetmp_10)
2023-08-04 12:17:37|   0.0|  0.0|INFORM|System Status: 64.00 GB of physical memory available
2023-08-04 12:17:37|   0.0|  0.0|INFORM|System Status: 67.00 GB of virtual memory available
2023-08-04 12:17:37|   0.0|  0.0|INFORM|START - ProcessID: 71148, peak process memory usage: 92656 kB, current process memory usage: 92656 kB
2023-08-04 12:17:37|   0.0|  0.0|INFORM|FME Configuration: Command line arguments are `/Library/FME/2023.0/fme' `/Users/joe/Documents/GitHub/Cadw-new/Minecraft Models/Overmap/wb-xlate-1691147857385_43007' `LOG_STANDARDOUT' `YES' `LOG_TIMINGS' `YES' `LogCountServerName' `55658' `LOG_STANDARDOUT' `No' `WORKBENCH_LOG_SERVER' `55612'
2023-08-04 12:17:37|   0.0|  0.0|INFORM|FME Configuration: Connection Storage: '/Users/joe/Library/Caches/Safe Software/FME/'
2023-08-04 12:17:38|   0.0|  0.0|INFORM|Shared folders for formats are : /Library/FME/2023.0/datasources;/Users/joe/Library/Application Support/FME/Formats
2023-08-04 12:17:38|   0.0|  0.0|INFORM|Shared folders for transformers are : /Users/joe/Library/Caches/Safe Software/FME/Packages/23288-macosx-aarch64/transformers;/Library/FME/2023.0/transformers;/Users/joe/Library/Caches/Safe Software/FME/FME Store/Transformers
2023-08-04 12:17:38|   0.0|  0.0|INFORM|Shared folders for coordinate systems are : /Users/joe/Library/Application Support/FME/CoordinateSystems
2023-08-04 12:17:38|   0.0|  0.0|INFORM|Shared folders for coordinate system exceptions are : /Users/joe/Library/Application Support/FME/CoordinateSystemExceptions
2023-08-04 12:17:38|   0.0|  0.0|INFORM|Shared folders for coordinate system grid overrides are : /Users/joe/Library/Application Support/FME/CoordinateSystemGridOverrides
2023-08-04 12:17:38|   0.0|  0.0|INFORM|Shared folders for CS-MAP transformation exceptions are : /Users/joe/Library/Application Support/FME/CsmapTransformationExceptions
2023-08-04 12:17:38|   0.0|  0.0|INFORM|Shared folders for transformer categories are : /Users/joe/Library/Application Support/FME/TransformerCategories
2023-08-04 12:17:38|   0.0|  0.0|INFORM|FME Configuration: Reader Keyword is `MULTI_READER'
2023-08-04 12:17:38|   0.0|  0.0|INFORM|FME Configuration: Writer Keyword is `MULTI_WRITER'
2023-08-04 12:17:38|   0.0|  0.0|INFORM|FME Configuration: Writer Group Definition Keyword is `MULTI_WRITER_DEF'
2023-08-04 12:17:38|   0.0|  0.0|INFORM|FME Configuration: Reader type is `MULTI_READER'
2023-08-04 12:17:38|   0.0|  0.0|INFORM|FME Configuration: Writer type is `MULTI_WRITER'
2023-08-04 12:17:38|   0.0|  0.0|INFORM|FME Configuration: No destination coordinate system set
2023-08-04 12:17:38|   0.0|  0.0|INFORM|FME Configuration: Current working folder is `/Users/joe/Documents/GitHub/Cadw-new/Minecraft Models/Overmap'
2023-08-04 12:17:38|   0.0|  0.0|INFORM|FME Configuration: Temporary folder is `/private/var/folders/7m/7nq11k8n2mxf_871ny539djc0000gn/T/wbrun_1690987893538_43007/fmetmp_10', set from environment variable `FME_TEMP'
2023-08-04 12:17:38|   0.0|  0.0|INFORM|FME Configuration: Cache folder is '/private/var/folders/7m/7nq11k8n2mxf_871ny539djc0000gn/T'
2023-08-04 12:17:38|   0.0|  0.0|INFORM|FME Configuration: FME_HOME is `/Library/FME/2023.0/'
2023-08-04 12:17:38|   0.0|  0.0|INFORM|FME Configuration: Start freeing memory when the process exceeds 65.83 GB
2023-08-04 12:17:38|   0.0|  0.0|INFORM|FME Configuration: Stop freeing memory when the process is below 49.37 GB
2023-08-04 12:17:38|   0.0|  0.0|INFORM|Creating writer for format: 
2023-08-04 12:17:38|   0.0|  0.0|INFORM|Creating reader for format: 
2023-08-04 12:17:38|   0.0|  0.0|INFORM|MULTI_READER(MULTI_READER): Will fail with first member reader failure
2023-08-04 12:17:38|   0.0|  0.0|INFORM|MULTI_READER(MULTI_READER): Adding FFS Reader with keyword FFS_2
2023-08-04 12:17:38|   0.0|  0.0|INFORM|Using Multi Reader with keyword `MULTI_READER' to read multiple datasets
2023-08-04 12:17:38|   0.0|  0.0|INFORM|Creating reader for format: FME Feature Store (FFS)
2023-08-04 12:17:38|   0.0|  0.0|INFORM|Using MultiWriter with keyword `MULTI_WRITER' to output data (ID_ATTRIBUTE is `multi_writer_id')
2023-08-04 12:17:38|   0.0|  0.0|INFORM|Writer output will be ordered by value of multi_writer_id
2023-08-04 12:17:38|   0.0|  0.0|INFORM|DYLD_LIBRARY_PATH is not set
2023-08-04 12:17:38|   0.0|  0.0|INFORM|Loaded module 'LogCount_func' from file '/Library/FME/2023.0/plugins/logcount_func.so'
2023-08-04 12:17:38|   0.0|  0.0|INFORM|FME API version of module 'LogCount_func' matches current internal version (4.0 20230418)
2023-08-04 12:17:38|   0.0|  0.0|INFORM|Loaded module 'TransformPointCloud_func' from file '/Library/FME/2023.0/plugins/transformpointcloud_func.so'
2023-08-04 12:17:38|   0.0|  0.0|INFORM|FME API version of module 'TransformPointCloud_func' matches current internal version (4.0 20230418)
2023-08-04 12:17:38|   0.0|  0.0|INFORM|Loaded module 'ThinPointCloud_func' from file '/Library/FME/2023.0/plugins/thinpointcloud_func.so'
2023-08-04 12:17:38|   0.0|  0.0|INFORM|FME API version of module 'ThinPointCloud_func' matches current internal version (4.0 20230418)
2023-08-04 12:17:38|   0.0|  0.0|INFORM|Loaded module 'AddPointCloudComponents_func' from file '/Library/FME/2023.0/plugins/addpointcloudcomponents_func.so'
2023-08-04 12:17:38|   0.0|  0.0|INFORM|FME API version of module 'AddPointCloudComponents_func' matches current internal version (4.0 20230418)
2023-08-04 12:17:38|   0.0|  0.0|INFORM|Restoring feature(s) from FME feature store file `/Users/joe/Documents/GitHub/CADW/data/Raw/DTM_pointcloud.ffs'
2023-08-04 12:17:38|   0.0|  0.0|INFORM|Restoring definition of coordinate system `OSGB-GPS-2015-OSTN15' from feature file `/Users/joe/Documents/GitHub/CADW/data/Raw/DTM_pointcloud.ffs'
2023-08-04 12:17:38|   0.0|  0.0|INFORM|Coordinate System `OSGB-GPS-2015-OSTN15' parameters: CS_NAME=`OSGB-GPS-2015-OSTN15' DESC_NM=`British National Grid (ETRS89 <-> OSGB via OSTN15)' DT_NAME=`ETRS89/01' GROUP=`EUROPE' MAP_SCL=`1' MAX_LAT=`61.14' MAX_LNG=`2.88' MIN_LAT=`49.75' MIN_LNG=`-9.2' PROJ=`OSTN15' QUAD=`1' SCL_RED=`1' SOURCE=`Ordnance Survey, Transformations and OSGM15 User Guide' UNIT=`METER' ZERO_X=`0.001' ZERO_Y=`0.001'
2023-08-04 12:17:38|   0.0|  0.0|INFORM|FME Configuration: Source coordinate system for reader FFS_2[FFS] set to `OSGB-GPS-2015-OSTN15' as read from input data
2023-08-04 12:17:38|   0.0|  0.0|INFORM|Coordinate System `OSGB-GPS-2015-OSTN15' parameters: CS_NAME=`OSGB-GPS-2015-OSTN15' DESC_NM=`British National Grid (ETRS89 <-> OSGB via OSTN15)' DT_NAME=`ETRS89/01' GROUP=`EUROPE' MAP_SCL=`1' MAX_LAT=`61.14' MAX_LNG=`2.88' MIN_LAT=`49.75' MIN_LNG=`-9.2' PROJ=`OSTN15' QUAD=`1' SCL_RED=`1' SOURCE=`Ordnance Survey, Transformations and OSGM15 User Guide' UNIT=`METER' ZERO_X=`0.001' ZERO_Y=`0.001'
2023-08-04 12:17:38|   0.0|  0.0|INFORM|PointCloudThinner: Thinning point cloud from 21091704233 point(s) to 210917042 point(s)
2023-08-04 12:17:38|   0.0|  0.0|INFORM|Creating writer for format: 
2023-08-04 12:17:38|   0.0|  0.0|INFORM|Using MultiWriter with keyword `FeatureWriter_2' to output data (ID_ATTRIBUTE is `multi_writer_id')
2023-08-04 12:17:38|   0.0|  0.0|INFORM|Creating writer for format: Mojang Minecraft
2023-08-04 12:17:38|   0.0|  0.0|INFORM|Trying to find a DYNAMIC plugin for writer named `MINECRAFT'
2023-08-04 12:17:38|   0.0|  0.0|INFORM|Loaded module 'MINECRAFT' from file '/Library/FME/2023.0/plugins/minecraft/minecraft.so'
2023-08-04 12:17:38|   0.0|  0.0|INFORM|FME API version of module 'minecraft/minecraft' matches current internal version (4.0 20230418)
2023-08-04 12:17:38|   0.0|  0.0|INFORM|FME Configuration: No destination coordinate system set
2023-08-04 12:17:38|   0.0|  0.0|INFORM|Writer `FeatureWriter_2_0' of type `MINECRAFT' using group definition keyword `FeatureWriter_2_0_DEF'
2023-08-04 12:17:38|   0.0|  0.0|INFORM|MINECRAFT writer: Directive '_POPULATE_TERRAIN' has the value 'true'
2023-08-04 12:17:38|   0.0|  0.0|INFORM|MINECRAFT writer: Directive '_CENTER_POINT_CLOUD' has the value 'true'
2023-08-04 12:17:38|   0.0|  0.0|INFORM|MINECRAFT writer: Directive '_FILL_UNDER' has the value 'true'
2023-08-04 12:17:38|   0.0|  0.0|INFORM|MINECRAFT writer: Directive '_FILL_BLOCK' has the value '1'
2023-08-04 12:17:38|   0.0|  0.0|INFORM|MINECRAFT writer: Directive '_BIOME' has the value '1'
2023-08-04 12:17:38|   0.0|  0.0|INFORM|MINECRAFT writer: Directive '_GENERATOR_NAME' has the value 'flat'
2023-08-04 12:17:38|   0.0|  0.0|INFORM|MINECRAFT writer: Directive '_GENERATOR_OPTIONS' has the value '2;7,2x3,2;1;'
2023-08-04 12:17:38|   0.0|  0.0|INFORM|MINECRAFT writer: Opening file '/Users/joe/Library/Application Support/minecraft/saves/Wales_DTM'
2023-08-04 12:17:38|   0.0|  0.0|INFORM|MINECRAFT writer: Attribute 'minecraft_center_point_cloud' has value 'true'
2023-08-04 12:17:38|   0.0|  0.0|INFORM|MINECRAFT writer: Attribute 'minecraft_populate_terrain' has value 'true'
2023-08-04 12:17:38|   0.0|  0.0|INFORM|MINECRAFT writer: Attribute 'minecraft_fill_under' has value 'true'
2023-08-04 12:17:38|   0.0|  0.0|INFORM|MINECRAFT writer: Attribute 'minecraft_fill_block' has value '1'
2023-08-04 12:17:38|   0.0|  0.0|INFORM|MINECRAFT writer: Attribute 'minecraft_generator_name' has value 'flat'
2023-08-04 12:17:38|   0.0|  0.0|INFORM|MINECRAFT writer: Attribute 'minecraft_generator_options' has value '2;7,2x3,2;1;'
2023-08-04 12:17:38|   0.0|  0.0|INFORM|MINECRAFT writer: Attribute 'minecraft_generator_seed' has value '0'
2023-08-04 12:17:38|   0.0|  0.0|INFORM|MINECRAFT writer: Attribute 'minecraft_world_name' has value 'Wales_DTM'
2023-08-04 12:17:43|   5.0|  5.0|INFORM|Point Cloud Extents Calculation: Processed 12380000 of 210917042 points
2023-08-04 12:17:48|   9.8|  4.8|INFORM|Point Cloud Extents Calculation: Processed 24520000 of 210917042 points
2023-08-04 12:17:53|  14.6|  4.8|INFORM|Point Cloud Extents Calculation: Processed 36890000 of 210917042 points
2023-08-04 12:17:58|  19.3|  4.7|INFORM|Point Cloud Extents Calculation: Processed 49160000 of 210917042 points
2023-08-04 12:18:03|  24.2|  4.9|INFORM|Point Cloud Extents Calculation: Processed 61640000 of 210917042 points
2023-08-04 12:18:08|  28.9|  4.7|INFORM|Point Cloud Extents Calculation: Processed 74300000 of 210917042 points
2023-08-04 12:18:13|  33.8|  4.9|INFORM|Point Cloud Extents Calculation: Processed 87040000 of 210917042 points
2023-08-04 12:18:18|  38.6|  4.8|INFORM|Point Cloud Extents Calculation: Processed 99780000 of 210917042 points
2023-08-04 12:18:23|  43.4|  4.8|INFORM|Point Cloud Extents Calculation: Processed 112340000 of 210917042 points
2023-08-04 12:18:28|  48.2|  4.8|INFORM|Point Cloud Extents Calculation: Processed 125020000 of 210917042 points
2023-08-04 12:18:33|  53.0|  4.8|INFORM|Point Cloud Extents Calculation: Processed 137730000 of 210917042 points
2023-08-04 12:18:38|  57.9|  4.9|INFORM|Point Cloud Extents Calculation: Processed 150380000 of 210917042 points
2023-08-04 12:18:43|  62.6|  4.7|INFORM|Point Cloud Extents Calculation: Processed 163060000 of 210917042 points
2023-08-04 12:18:48|  67.5|  4.9|INFORM|Point Cloud Extents Calculation: Processed 175430000 of 210917042 points
2023-08-04 12:18:53|  72.3|  4.8|INFORM|Point Cloud Extents Calculation: Processed 187890000 of 210917042 points
2023-08-04 12:18:58|  77.2|  4.9|INFORM|Point Cloud Extents Calculation: Processed 200390000 of 210917042 points
2023-08-04 12:19:02|  81.4|  4.2|INFORM|Point Cloud Extents Calculation: Processed 210917042 of 210917042 points
2023-08-04 12:19:02|  81.4|  0.0|WARN  |MINECRAFT writer: Converting component 'x' from type 'Real64' to 'Int32'.  If this conversion is undesired, consider changing the type explicitly
2023-08-04 12:19:02|  81.4|  0.0|WARN  |MINECRAFT writer: Converting component 'y' from type 'Real64' to 'Int32'.  If this conversion is undesired, consider changing the type explicitly
2023-08-04 12:19:02|  81.4|  0.0|WARN  |MINECRAFT writer: Converting component 'z' from type 'Real64' to 'UInt8'.  If this conversion is undesired, consider changing the type explicitly
2023-08-04 12:19:02|  81.4|  0.0|WARN  |MINECRAFT writer: Converting component 'blockID' from type 'UInt32' to 'UInt16'.  If this conversion is undesired, consider changing the type explicitly
2023-08-04 12:19:02|  81.4|  0.0|WARN  |MINECRAFT writer: Converting component 'blockData' from type 'UInt32' to 'UInt8'.  If this conversion is undesired, consider changing the type explicitly
2023-08-04 12:19:02|  81.4|  0.0|INFORM|MINECRAFT writer: Wrote to Level file at '/Users/joe/Library/Application Support/minecraft/saves/Wales_DTM/level.dat'
2023-08-04 12:19:02|  81.4|  0.0|INFORM|MINECRAFT writer: Tiling Dataset into Regions
2023-08-04 12:19:07|  86.2|  4.8|INFORM|Point Cloud Tiling: Tiled 11130000 of 210917042 points
2023-08-04 12:19:12|  91.0|  4.8|INFORM|Point Cloud Tiling: Tiled 22420000 of 210917042 points
2023-08-04 12:19:17|  95.8|  4.8|INFORM|Point Cloud Tiling: Tiled 33870000 of 210917042 points
2023-08-04 12:19:22| 100.6|  4.8|INFORM|Point Cloud Tiling: Tiled 45280000 of 210917042 points
2023-08-04 12:19:27| 105.5|  4.9|INFORM|Point Cloud Tiling: Tiled 56690000 of 210917042 points
2023-08-04 12:19:32| 110.3|  4.8|INFORM|Point Cloud Tiling: Tiled 68260000 of 210917042 points
2023-08-04 12:19:37| 115.1|  4.8|INFORM|Point Cloud Tiling: Tiled 79950000 of 210917042 points
2023-08-04 12:19:42| 120.1|  5.0|INFORM|Point Cloud Tiling: Tiled 91500000 of 210917042 points
2023-08-04 12:19:47| 124.9|  4.8|INFORM|Point Cloud Tiling: Tiled 103000000 of 210917042 points
2023-08-04 12:19:52| 129.7|  4.8|INFORM|Point Cloud Tiling: Tiled 114410000 of 210917042 points
2023-08-04 12:19:57| 134.6|  4.9|INFORM|Point Cloud Tiling: Tiled 125910000 of 210917042 points
2023-08-04 12:20:02| 139.4|  4.8|INFORM|Point Cloud Tiling: Tiled 137480000 of 210917042 points
2023-08-04 12:20:07| 144.2|  4.8|INFORM|Point Cloud Tiling: Tiled 148990000 of 210917042 points
2023-08-04 12:20:12| 149.0|  4.8|INFORM|Point Cloud Tiling: Tiled 160550000 of 210917042 points
2023-08-04 12:20:17| 153.9|  4.9|INFORM|Point Cloud Tiling: Tiled 171900000 of 210917042 points
2023-08-04 12:20:22| 158.8|  4.9|INFORM|Point Cloud Tiling: Tiled 183210000 of 210917042 points
2023-08-04 12:20:27| 163.6|  4.8|INFORM|Point Cloud Tiling: Tiled 194650000 of 210917042 points
2023-08-04 12:20:32| 168.4|  4.8|INFORM|Point Cloud Tiling: Tiled 205980000 of 210917042 points
2023-08-04 12:20:34| 170.7|  2.3|INFORM|Point Cloud Tiling: Tiled 210917042 of 210917042 points
2023-08-04 12:20:35| 170.8|  0.1|INFORM|MINECRAFT writer: Building 4 region(s)
2023-08-04 12:20:35| 170.8|  0.0|INFORM|MINECRAFT writer: Building region 1 of 4 at -1,-1
2023-08-04 12:20:36| 172.0|  1.2|INFORM|MINECRAFT writer: Wrote to Region file at '/Users/joe/Library/Application Support/minecraft/saves/Wales_DTM/region/r.-1.-1.mca'
2023-08-04 12:20:36| 172.0|  0.0|INFORM|MINECRAFT writer: Building region 2 of 4 at -1,0
2023-08-04 12:20:38| 174.2|  2.2|INFORM|MINECRAFT writer: Wrote to Region file at '/Users/joe/Library/Application Support/minecraft/saves/Wales_DTM/region/r.-1.0.mca'
2023-08-04 12:20:38| 174.2|  0.0|INFORM|MINECRAFT writer: Building region 3 of 4 at 0,-1
2023-08-04 12:20:42| 177.9|  3.7|INFORM|MINECRAFT writer: Wrote to Region file at '/Users/joe/Library/Application Support/minecraft/saves/Wales_DTM/region/r.0.-1.mca'
2023-08-04 12:20:42| 177.9|  0.0|INFORM|MINECRAFT writer: Building region 4 of 4 at 0,0
2023-08-04 12:20:46| 181.8|  3.9|INFORM|MINECRAFT writer: Wrote to Region file at '/Users/joe/Library/Application Support/minecraft/saves/Wales_DTM/region/r.0.0.mca'
2023-08-04 12:20:46| 181.8|  0.0|INFORM|MULTI_READER(MULTI_READER): Done reading 1 features from 1 readers
2023-08-04 12:20:46| 181.8|  0.0|INFORM|Emptying factory pipeline
2023-08-04 12:20:46| 181.8|  0.0|STATS |Router and Unexpected Input Remover (RoutingFactory): Tested 1 input feature(s), wrote 1 output feature(s): 1 matched merge filters, 1 were routed to output, 0 could not be routed.
2023-08-04 12:20:46| 181.8|  0.0|STATS |Unwanted Router Input Nuker (TeeFactory): Cloned 0 input feature(s) into 0 output feature(s)
2023-08-04 12:20:46| 181.8|  0.0|STATS |DTM Pointcloud_FFS_2 Splitter (TeeFactory): Cloned 1 input feature(s) into 1 output feature(s)
2023-08-04 12:20:46| 181.8|  0.0|STATS |TIFF_TIFF_1 Splitter (TeeFactory): Cloned 0 input feature(s) into 0 output feature(s)
2023-08-04 12:20:46| 181.8|  0.0|STATS |Scaler_2_ScalerInput (TeeFactory): Cloned 1 input feature(s) into 1 output feature(s)
2023-08-04 12:20:46| 181.8|  0.0|STATS |Scaler_2_Input (TeeFactory): Cloned 1 input feature(s) into 1 output feature(s)
2023-08-04 12:20:46| 181.8|  0.0|STATS |Scaler_2 (TeeFactory): Cloned 1 input feature(s) into 1 output feature(s)
2023-08-04 12:20:46| 181.8|  0.0|STATS |Scaler_2_Rejector (TestFactory): Tested 1 input feature(s) -- 0 feature(s) passed and 1 feature(s) failed
2023-08-04 12:20:46| 181.8|  0.0|STATS |Scaler_2_PointCloudScaler (TestFactory): Tested 1 input feature(s) -- 0 feature(s) passed and 1 feature(s) failed
2023-08-04 12:20:46| 181.8|  0.0|STATS |PointCloudThinner (TeeFactory): Cloned 1 input feature(s) into 1 output feature(s)
2023-08-04 12:20:46| 181.8|  0.0|STATS |PointCloudThinner_Rejector (TestFactory): Tested 1 input feature(s) -- 0 feature(s) passed and 1 feature(s) failed
2023-08-04 12:20:46| 181.8|  0.0|STATS |PointCloudComponentAdder (TeeFactory): Cloned 1 input feature(s) into 1 output feature(s)
2023-08-04 12:20:46| 181.8|  0.0|STATS |PointCloudComponentAdder_Rejector (TestFactory): Tested 1 input feature(s) -- 0 feature(s) passed and 1 feature(s) failed
2023-08-04 12:20:46| 181.8|  0.0|STATS |Offsetter_OffsetterInput (TeeFactory): Cloned 1 input feature(s) into 1 output feature(s)
2023-08-04 12:20:46| 181.8|  0.0|STATS |Offsetter_Offsetter (TeeFactory): Cloned 1 input feature(s) into 1 output feature(s)
2023-08-04 12:20:46| 181.8|  0.0|STATS |Offsetter_Rejector (TestFactory): Tested 1 input feature(s) -- 0 feature(s) passed and 1 feature(s) failed
2023-08-04 12:20:46| 181.8|  0.0|STATS |Offsetter_PointCloudOffsetter (TestFactory): Tested 1 input feature(s) -- 0 feature(s) passed and 1 feature(s) failed
2023-08-04 12:20:46| 181.8|  0.0|INFORM|=-=-=-=-=-=-=-=-=-=-=-=-=-=-=-=-=-=-=-=-=-=-=-=-=-=-=-=-=-=-=-=-=-=-=-=-=-=-=-
2023-08-04 12:20:46| 181.8|  0.0|INFORM|Feature output statistics for `MINECRAFT' writer using keyword `FeatureWriter_2_0':
2023-08-04 12:20:46| 181.8|  0.0|STATS |=-=-=-=-=-=-=-=-=-=-=-=-=-=-=-=-=-=-=-=-=-=-=-=-=-=-=-=-=-=-=-=-=-=-=-=-=-=-=-
2023-08-04 12:20:46| 181.8|  0.0|STATS |                               Features Written
2023-08-04 12:20:46| 181.8|  0.0|STATS |=-=-=-=-=-=-=-=-=-=-=-=-=-=-=-=-=-=-=-=-=-=-=-=-=-=-=-=-=-=-=-=-=-=-=-=-=-=-=-
2023-08-04 12:20:46| 181.8|  0.0|STATS |Wales_DTM                                                                    1
2023-08-04 12:20:46| 181.8|  0.0|STATS |==============================================================================
2023-08-04 12:20:46| 181.8|  0.0|STATS |Total Features Written                                                       1
2023-08-04 12:20:46| 181.8|  0.0|STATS |=-=-=-=-=-=-=-=-=-=-=-=-=-=-=-=-=-=-=-=-=-=-=-=-=-=-=-=-=-=-=-=-=-=-=-=-=-=-=-
2023-08-04 12:20:46| 181.8|  0.0|INFORM|Creating writer for format: 
2023-08-04 12:20:46| 181.8|  0.0|INFORM|Using MultiWriter with keyword `FeatureWriter_5' to output data (ID_ATTRIBUTE is `multi_writer_id')
2023-08-04 12:20:46| 181.8|  0.0|INFORM|Creating writer for format: Text File
2023-08-04 12:20:46| 181.8|  0.0|INFORM|Trying to find a DYNAMIC plugin for writer named `TEXTLINE'
2023-08-04 12:20:46| 181.8|  0.0|INFORM|Loaded module 'TEXTLINE' from file '/Library/FME/2023.0/plugins/textline.so'
2023-08-04 12:20:46| 181.8|  0.0|INFORM|FME API version of module 'TEXTLINE' matches current internal version (4.0 20230418)
2023-08-04 12:20:46| 181.8|  0.0|INFORM|FME Configuration: No destination coordinate system set
2023-08-04 12:20:46| 181.8|  0.0|INFORM|Writer `FeatureWriter_5_0' of type `TEXTLINE' using group definition keyword `FeatureWriter_5_0_DEF'
2023-08-04 12:20:46| 181.8|  0.0|INFORM|Text File Writer: Opening the file '/Users/joe/Documents/GitHub/CADW/functions/writer/run.sh\'
2023-08-04 12:20:46| 181.8|  0.0|INFORM|Text File Writer: Line Termination: Unix
2023-08-04 12:20:46| 181.8|  0.0|INFORM|Text File Writer: Write the final line termination character: yes
2023-08-04 12:20:46| 181.8|  0.0|INFORM|Text File Writer: Character Encoding: 'UTF-8'
2023-08-04 12:20:46| 181.8|  0.0|INFORM|Text File Writer: Write UTF-8 Byte Order Mark: yes
2023-08-04 12:20:46| 181.8|  0.0|INFORM|Text File Writer: Closing the file '/Users/joe/Documents/GitHub/CADW/functions/writer/run.sh'
2023-08-04 12:20:46| 181.8|  0.0|INFORM|=-=-=-=-=-=-=-=-=-=-=-=-=-=-=-=-=-=-=-=-=-=-=-=-=-=-=-=-=-=-=-=-=-=-=-=-=-=-=-
2023-08-04 12:20:46| 181.8|  0.0|INFORM|Feature output statistics for `TEXTLINE' writer using keyword `FeatureWriter_5_0':
2023-08-04 12:20:46| 181.8|  0.0|STATS |=-=-=-=-=-=-=-=-=-=-=-=-=-=-=-=-=-=-=-=-=-=-=-=-=-=-=-=-=-=-=-=-=-=-=-=-=-=-=-
2023-08-04 12:20:46| 181.8|  0.0|STATS |                               Features Written
2023-08-04 12:20:46| 181.8|  0.0|STATS |=-=-=-=-=-=-=-=-=-=-=-=-=-=-=-=-=-=-=-=-=-=-=-=-=-=-=-=-=-=-=-=-=-=-=-=-=-=-=-
2023-08-04 12:20:46| 181.8|  0.0|STATS |text_line                                                                    1
2023-08-04 12:20:46| 181.8|  0.0|STATS |==============================================================================
2023-08-04 12:20:46| 181.8|  0.0|STATS |Total Features Written                                                       1
2023-08-04 12:20:46| 181.8|  0.0|STATS |=-=-=-=-=-=-=-=-=-=-=-=-=-=-=-=-=-=-=-=-=-=-=-=-=-=-=-=-=-=-=-=-=-=-=-=-=-=-=-
2023-08-04 12:20:46| 181.8|  0.0|ERROR |Logger_2: Run this in the terminal: 

/Users/joe/Documents/GitHub/CADW/functions/writer/run.sh
2023-08-04 12:20:46| 181.8|  0.0|STATS |Logger_2_Logger (TeeFactory): Cloned 1 input feature(s) into 1 output feature(s)
2023-08-04 12:20:46| 181.8|  0.0|STATS |Logger_2 LOGGED Transformer Output Nuker (TeeFactory): Cloned 1 input feature(s) into 0 output feature(s)
2023-08-04 12:20:46| 181.8|  0.0|STATS |Scaler (Disabled) Nuker (TeeFactory): Cloned 0 input feature(s) into 0 output feature(s)
2023-08-04 12:20:46| 181.8|  0.0|STATS |PointCloudCombiner (Disabled) Nuker (TeeFactory): Cloned 0 input feature(s) into 0 output feature(s)
2023-08-04 12:20:46| 181.8|  0.0|STATS |Destination Feature Type Routing Correlator (RoutingFactory): Tested 0 input feature(s), wrote 0 output feature(s): 0 matched merge filters, 0 were routed to output, 0 could not be routed.
2023-08-04 12:20:46| 181.8|  0.0|STATS |Final Output Nuker (TeeFactory): Cloned 0 input feature(s) into 0 output feature(s)
2023-08-04 12:20:46| 181.8|  0.0|STATS |=-=-=-=-=-=-=-=-=-=-=-=-=-=-=-=-=-=-=-=-=-=-=-=-=-=-=-=-=-=-=-=-=-=-=-=-=-=-=-
2023-08-04 12:20:46| 181.8|  0.0|STATS |                            Features Read Summary
2023-08-04 12:20:46| 181.8|  0.0|STATS |=-=-=-=-=-=-=-=-=-=-=-=-=-=-=-=-=-=-=-=-=-=-=-=-=-=-=-=-=-=-=-=-=-=-=-=-=-=-=-
2023-08-04 12:20:46| 181.8|  0.0|STATS |DTM Pointcloud                                                               1
2023-08-04 12:20:46| 181.8|  0.0|STATS |==============================================================================
2023-08-04 12:20:46| 181.8|  0.0|STATS |Total Features Read                                                          1
2023-08-04 12:20:46| 181.8|  0.0|STATS |=-=-=-=-=-=-=-=-=-=-=-=-=-=-=-=-=-=-=-=-=-=-=-=-=-=-=-=-=-=-=-=-=-=-=-=-=-=-=-
2023-08-04 12:20:46| 181.8|  0.0|STATS |=-=-=-=-=-=-=-=-=-=-=-=-=-=-=-=-=-=-=-=-=-=-=-=-=-=-=-=-=-=-=-=-=-=-=-=-=-=-=-
2023-08-04 12:20:46| 181.8|  0.0|STATS |                           Features Written Summary
2023-08-04 12:20:46| 181.8|  0.0|STATS |=-=-=-=-=-=-=-=-=-=-=-=-=-=-=-=-=-=-=-=-=-=-=-=-=-=-=-=-=-=-=-=-=-=-=-=-=-=-=-
2023-08-04 12:20:46| 181.8|  0.0|STATS |==============================================================================
2023-08-04 12:20:46| 181.8|  0.0|STATS |Total Features Written                                                       0
2023-08-04 12:20:46| 181.8|  0.0|STATS |=-=-=-=-=-=-=-=-=-=-=-=-=-=-=-=-=-=-=-=-=-=-=-=-=-=-=-=-=-=-=-=-=-=-=-=-=-=-=-
2023-08-04 12:20:46| 181.8|  0.0|INFORM|Translation was SUCCESSFUL with 5 warning(s) (0 feature(s) output)
2023-08-04 12:20:46| 181.8|  0.0|INFORM|FME Session Duration: 3 minutes 8.1 seconds. (CPU: 106.4s user, 75.4s system)
2023-08-04 12:20:46| 181.8|  0.0|INFORM|END - ProcessID: 71148, peak process memory usage: 5236624 kB, current process memory usage: 4255536 kB
