[10:42:25] [ServerMain/INFO]: Environment: Environment[sessionHost=https://sessionserver.mojang.com, servicesHost=https://api.minecraftservices.com, name=PROD]
[10:42:26] [ServerMain/INFO]: Loaded 1174 recipes
[10:42:26] [ServerMain/INFO]: Loaded 1271 advancements
[10:42:27] [Server thread/INFO]: Starting minecraft server version 1.20.4
[10:42:27] [Server thread/INFO]: Loading properties
[10:42:27] [Server thread/INFO]: This server is running Paper version git-Paper-454 (MC: 1.20.4) (Implementing API version 1.20.4-R0.1-SNAPSHOT) (Git: 99a6416)
[10:42:28] [Server thread/INFO]: Server Ping Player Sample Count: 12
[10:42:28] [Server thread/INFO]: Using 4 threads for Netty based IO
[10:42:28] [Server thread/WARN]: [!] The timings profiler has been enabled but has been scheduled for removal from Paper in the future.
    We recommend installing the spark profiler as a replacement: https://spark.lucko.me/
    For more information please visit: https://github.com/PaperMC/Paper/issues/8948
[10:42:28] [Server thread/INFO]: [ChunkTaskScheduler] Chunk system is using 1 I/O threads, 3 worker threads, and gen parallelism of 3 threads
[10:42:28] [Server thread/INFO]: Default game type: CREATIVE
[10:42:28] [Server thread/INFO]: Generating keypair
[10:42:28] [Server thread/INFO]: Starting Minecraft server on *:25565
[10:42:28] [Server thread/INFO]: Using default channel type
[10:42:28] [Server thread/INFO]: Paper: Using Java compression from Velocity.
[10:42:28] [Server thread/INFO]: Paper: Using Java cipher from Velocity.
[10:42:28] [Server thread/INFO]: [ViaVersion] Loading server plugin ViaVersion v4.9.3
[10:42:28] [Server thread/INFO]: [ViaVersion] ViaVersion 4.9.3 is now loaded. Registering protocol transformers and injecting...
[10:42:29] [Via-Mappingloader-0/INFO]: [ViaVersion] Loading block connection mappings ...
[10:42:29] [Via-Mappingloader-0/INFO]: [ViaVersion] Using FastUtil Long2ObjectOpenHashMap for block connections
[10:42:29] [Server thread/INFO]: [ViaBackwards] Loading translations...
[10:42:29] [Server thread/INFO]: [ViaBackwards] Registering protocols...
[10:42:29] [Server thread/INFO]: [WorldEdit] Loading server plugin WorldEdit v7.2.20+6667-f0f1e66
[10:42:30] [Server thread/INFO]: Got request to register class com.sk89q.worldedit.bukkit.BukkitServerInterface with WorldEdit [com.sk89q.worldedit.extension.platform.PlatformManager@216af0b9]
[10:42:30] [Server thread/INFO]: [Plan] Loading server plugin Plan v5.6 build 2820
[10:42:30] [Server thread/INFO]: [ViaBackwards] Loading server plugin ViaBackwards v4.9.2
[10:42:30] [Server thread/INFO]: Server permissions file permissions.yml is empty, ignoring it
[10:42:30] [Server thread/INFO]: [WorldEdit] Enabling WorldEdit v7.2.20+6667-f0f1e66
[10:42:30] [Server thread/INFO]: Registering commands with com.sk89q.worldedit.bukkit.BukkitServerInterface
[10:42:30] [Server thread/INFO]: WEPIF: Using the Bukkit Permissions API.
[10:42:30] [Server thread/INFO]: Using com.sk89q.worldedit.bukkit.adapter.impl.v1_20_R3.PaperweightAdapter as the Bukkit adapter
[10:42:31] [Server thread/INFO]: Preparing level "stdavids2"
[10:42:31] [Server thread/INFO]: Preparing start region for dimension minecraft:overworld
[10:42:31] [Server thread/INFO]: Time elapsed: 187 ms
[10:42:31] [Server thread/INFO]: Preparing start region for dimension minecraft:the_nether
[10:42:32] [Server thread/INFO]: Time elapsed: 90 ms
[10:42:32] [Server thread/INFO]: Preparing start region for dimension minecraft:the_end
[10:42:32] [Server thread/INFO]: Time elapsed: 97 ms
[10:42:32] [Server thread/INFO]: [ViaVersion] Enabling ViaVersion v4.9.3
[10:42:32] [Server thread/INFO]: [ViaVersion] ViaVersion detected server version: 1.20.3/1.20.4 (765)
[10:42:32] [Server thread/INFO]: [Plan] Enabling Plan v5.6 build 2820
[10:42:32] [Server thread/INFO]: [Plan] 
[10:42:32] [Server thread/INFO]: [Plan]            ██▌
[10:42:32] [Server thread/INFO]: [Plan]      ██▌   ██▌
[10:42:32] [Server thread/INFO]: [Plan]   ██▌██▌██▌██▌  Player Analytics
[10:42:32] [Server thread/INFO]: [Plan]   ██▌██▌██▌██▌  v5.6 build 2820
[10:42:32] [Server thread/INFO]: [Plan] 
[10:42:32] [Server thread/INFO]: [Plan] Locale: 'English' by AuroraLS3
[10:42:32] [Server thread/INFO]: [Plan] Downloading SQLite Driver, this may take a while...
[10:42:33] [Plan SQLiteDB-transaction-thread-1/INFO]: [Plan] Database: Making sure schema is up to date..
[10:42:33] [Server thread/INFO]: [Plan] SQLite-database connection established.
[10:42:33] [Plan SQLiteDB-transaction-thread-1/INFO]: [Plan] All database patches applied successfully.
[10:42:33] [Server thread/INFO]: [Plan] WebServer: Certificate KeyStore File not Found: plugins\Plan\Cert.jks
[10:42:33] [Server thread/INFO]: [Plan] WebServer: No Certificate -> Using HTTP-server for Visualization.
[10:42:33] [Server thread/INFO]: [Plan] WebServer: User Authorization Disabled! (Not secure over HTTP)
[10:42:33] [Server thread/INFO]: [Plan] Webserver running on PORT 8804 ( http://localhost:8804 )
[10:42:33] [Server thread/INFO]: [Plan] Loading server identifying information
[10:42:33] [Server thread/INFO]: [Plan] Server identifier loaded: 6c020606-d089-4120-9be6-f2f79c333d40
[10:42:33] [Plan Non critical-pool-3/WARN]: [Plan] Downloading GeoLite2 requires accepting GeoLite2 EULA - see 'Data_gathering.Accept_GeoLite2_EULA' in the config.
[10:42:33] [Plan Non critical-pool-3/ERROR]: [Plan] Failed to enable geolocation.
[10:42:33] [Server thread/INFO]: [Plan] Registered extension: ViaVersion
[10:42:33] [Server thread/INFO]: [Plan] Player Analytics Enabled.
[10:42:33] [Server thread/INFO]: [ViaBackwards] Enabling ViaBackwards v4.9.2
[10:42:33] [Server thread/INFO]: Starting remote control listener
[10:42:33] [Server thread/INFO]: Thread RCON Listener started
[10:42:33] [Server thread/INFO]: RCON running on 0.0.0.0:25575
[10:42:33] [Server thread/INFO]: Running delayed init tasks
[10:42:33] [Craft Scheduler Thread - 3 - ViaVersion/INFO]: [ViaVersion] Finished mapping loading, shutting down loader executor!
[10:42:33] [Server thread/INFO]: Done (6.243s)! For help, type "help"
[10:42:33] [Server thread/INFO]: Timings Reset
[10:42:33] [Craft Scheduler Thread - 0 - Plan/INFO]: [Plan] ----------------------------------------
[10:42:33] [Craft Scheduler Thread - 0 - Plan/INFO]: [Plan] New Release (5.6.2883) is available https://github.com/plan-player-analytics/Plan/releases
[10:42:33] [Craft Scheduler Thread - 0 - Plan/INFO]: [Plan] ----------------------------------------
[10:42:33] [Server thread/WARN]: [ViaVersion] There is a newer plugin version available: 5.0.1, you're on: 4.9.3
[10:43:40] [User Authenticator #0/INFO]: UUID of player BlockB110 is e167822e-aeb1-46f5-8b57-c0007920e80a
[10:43:40] [Server thread/INFO]: BlockB110 joined the game
[10:43:40] [Server thread/INFO]: BlockB110[/127.0.0.1:51989] logged in with entity id 12 at ([stdavids2]24800.9769144187, 11.156515028123549, 25057.34774958092)
[10:46:49] [Server thread/INFO]: BlockB110 lost connection: You have been idle for too long!
[10:46:49] [Server thread/INFO]: BlockB110 left the game
[10:49:45] [User Authenticator #1/INFO]: UUID of player BlockB110 is e167822e-aeb1-46f5-8b57-c0007920e80a
[10:49:45] [Server thread/INFO]: BlockB110 joined the game
[10:49:45] [Server thread/INFO]: BlockB110[/127.0.0.1:52405] logged in with entity id 193 at ([stdavids2]24796.3797433338, 5.531527138339494, 25057.203311980502)
[10:49:50] [Server thread/INFO]: BlockB110 issued server command: /time set 0
[10:49:50] [Server thread/INFO]: [BlockB110: Set the time to 0]
[10:49:56] [Server thread/INFO]: BlockB110 issued server command: /gamerule doDaylightCycle false
[10:49:56] [Server thread/INFO]: [BlockB110: Gamerule doDaylightCycle is now set to: false]
[10:50:08] [Server thread/INFO]: BlockB110 issued server command: /gamerule mobGriefing false
[10:50:08] [Server thread/INFO]: [BlockB110: Gamerule mobGriefing is now set to: false]
[10:50:24] [Server thread/INFO]: BlockB110 issued server command: /gamerule doMobSpawning false
[10:50:24] [Server thread/INFO]: [BlockB110: Gamerule doMobSpawning is now set to: false]
[10:51:11] [Server thread/INFO]: BlockB110 lost connection: Disconnected
[10:51:11] [Server thread/INFO]: BlockB110 left the game
[11:10:36] [Server thread/WARN]: Can't keep up! Is the server overloaded? Running 1025918ms or 20518 ticks behind
[11:11:33] [User Authenticator #2/INFO]: UUID of player BlockB110 is e167822e-aeb1-46f5-8b57-c0007920e80a
[11:11:34] [Server thread/INFO]: BlockB110 joined the game
[11:11:34] [Server thread/INFO]: BlockB110[/127.0.0.1:52972] logged in with entity id 2864 at ([stdavids2]24694.581670626285, -0.24899437643725741, 25076.487180309556)
[11:12:51] [Server thread/INFO]: BlockB110 issued server command: //smooth
[11:13:43] [Server thread/INFO]: BlockB110 issued server command: //fill stone 20
[11:13:50] [Server thread/INFO]: BlockB110 issued server command: //undo
[11:13:56] [Server thread/INFO]: BlockB110 issued server command: //fill stone 1o
[11:14:02] [Server thread/INFO]: BlockB110 issued server command: //fill stone 10
[11:14:09] [Server thread/INFO]: BlockB110 issued server command: //undo
[11:21:48] [Server thread/INFO]: BlockB110 issued server command: //set 20%mossy_stone_bricks 20%stone
[11:22:17] [Server thread/INFO]: BlockB110 issued server command: //set 20%mossy_stone_bricks,20%stone_bricks,20%stone
[11:22:28] [Server thread/INFO]: BlockB110 issued server command: //set 20%mossy_stone_bricks,20%stone_bricks,20%stone
[11:23:25] [Server thread/INFO]: BlockB110 issued server command: //set 20%mossy_stone_bricks,20%stone_bricks,20%stone
[11:26:43] [Server thread/INFO]: BlockB110 issued server command: //set 0
[11:27:59] [Server thread/INFO]: BlockB110 issued server command: //set 20%mossy_stone_bricks,20%stone_bricks,20%stone
[11:28:27] [Server thread/INFO]: BlockB110 issued server command: //set 20%mossy_stone_bricks,20%stone_bricks,20%stone
[11:29:48] [Server thread/INFO]: BlockB110 issued server command: //set 20%mossy_stone_bricks,20%stone_bricks,20%stone
[11:30:47] [Server thread/INFO]: BlockB110 issued server command: //set smooth_sandstone
[11:30:56] [Server thread/INFO]: BlockB110 issued server command: //set 0
[11:32:49] [Server thread/INFO]: BlockB110 issued server command: //set 20%mossy_stone_bricks,20%stone_bricks,20%stone
[11:39:47] [Server thread/INFO]: BlockB110 lost connection: You have been idle for too long!
[11:39:47] [Server thread/INFO]: BlockB110 left the game
[11:39:50] [User Authenticator #3/INFO]: UUID of player BlockB110 is e167822e-aeb1-46f5-8b57-c0007920e80a
[11:39:50] [Server thread/INFO]: BlockB110 joined the game
[11:39:50] [Server thread/INFO]: BlockB110[/127.0.0.1:54967] logged in with entity id 3361 at ([stdavids2]24853.49599150544, -2.5434190832556154, 25096.78522943968)
[11:42:18] [Server thread/INFO]: BlockB110 issued server command: //set mossy_cobblestone
[11:42:54] [Server thread/INFO]: BlockB110 issued server command: //set mossy_cobblestone
[11:43:13] [Server thread/INFO]: BlockB110 issued server command: /clear
[11:43:13] [Server thread/INFO]: [BlockB110: Removed 73 item(s) from player BlockB110]
[11:43:15] [Server thread/INFO]: BlockB110 issued server command: //wand
[11:43:19] [Server thread/INFO]: BlockB110 issued server command: /save-all
[11:43:23] [Server thread/INFO]: [BlockB110: Saved the game]
[11:43:23] [Server thread/WARN]: Can't keep up! Is the server overloaded? Running 3226ms or 64 ticks behind
[11:44:06] [Server thread/INFO]: BlockB110 issued server command: //set 20%mossy_stone_bricks,20%stone_bricks,20%stone
[11:44:35] [Server thread/INFO]: BlockB110 issued server command: //set 20%mossy_stone_bricks,20%stone_bricks,20%stone
[11:44:58] [Server thread/INFO]: BlockB110 issued server command: //set smooth_sandstone
[11:45:17] [Server thread/INFO]: BlockB110 issued server command: //set 20%mossy_stone_bricks,20%stone_bricks,20%stone
[11:45:57] [Server thread/INFO]: BlockB110 issued server command: //set smooth_sandstone
[11:47:17] [Server thread/INFO]: BlockB110 issued server command: //set smooth_sandstone
[11:49:53] [Server thread/INFO]: BlockB110 issued server command: //set 0
[11:50:02] [Server thread/INFO]: BlockB110 issued server command: //set 0
[11:50:08] [Server thread/INFO]: BlockB110 issued server command: //set 0
[11:50:26] [Server thread/INFO]: BlockB110 issued server command: //undo
[11:50:28] [Server thread/INFO]: BlockB110 issued server command: //undo
[11:50:29] [Server thread/INFO]: BlockB110 issued server command: //undo
[11:50:39] [Server thread/INFO]: BlockB110 issued server command: //set 0
[11:52:09] [Server thread/INFO]: BlockB110 issued server command: //set 20%mossy_stone_bricks,20%stone_bricks,20%stone
[11:52:32] [Server thread/INFO]: BlockB110 issued server command: //set smooth_sandstone
[11:56:55] [Server thread/INFO]: BlockB110 issued server command: //set 20%mossy_stone_bricks,20%stone_bricks,20%stone
[11:57:09] [Server thread/INFO]: BlockB110 issued server command: //set 0
[11:59:10] [Server thread/INFO]: BlockB110 issued server command: //set 20%mossy_stone_bricks,20%stone_bricks,20%stone
[11:59:16] [Server thread/INFO]: BlockB110 issued server command: //set 20%mossy_stone_bricks,20%stone_bricks,20%stone
[12:05:11] [Server thread/INFO]: BlockB110 issued server command: //set smooth_sandstone
[12:18:07] [Server thread/INFO]: BlockB110 lost connection: Disconnected
[12:18:07] [Server thread/INFO]: BlockB110 left the game
[12:18:13] [Server thread/INFO]: Saving the game (this may take a moment!)
[12:18:13] [Server thread/INFO]: Saved the game
[12:18:16] [Server thread/INFO]: Stopping the server
[12:18:17] [Server thread/INFO]: Stopping server
[12:18:17] [Server thread/INFO]: [ViaBackwards] Disabling ViaBackwards v4.9.2
[12:18:17] [Server thread/INFO]: [Plan] Disabling Plan v5.6 build 2820
[12:18:17] [Server thread/INFO]: [Plan] Processing complete.
[12:18:17] [Server thread/INFO]: [Plan] Waiting for unfinished transactions to avoid data loss..
[12:18:17] [Server thread/INFO]: [Plan] Transaction queue closed.
[12:18:17] [Server thread/INFO]: [Plan] Waiting queries to finish to avoid SQLite crashing JVM..
[12:18:17] [Server thread/INFO]: [Plan] Closed SQLite connection.
[12:18:17] [Server thread/INFO]: [Plan] Player Analytics Disabled.
[12:18:17] [Server thread/INFO]: [WorldEdit] Disabling WorldEdit v7.2.20+6667-f0f1e66
[12:18:17] [Server thread/INFO]: Unregistering com.sk89q.worldedit.bukkit.BukkitServerInterface from WorldEdit
[12:18:17] [Server thread/INFO]: [ViaVersion] Disabling ViaVersion v4.9.3
[12:18:17] [Server thread/INFO]: [ViaVersion] ViaVersion is disabling, if this is a reload and you experience issues consider rebooting.
[12:18:17] [Server thread/INFO]: Saving players
[12:18:17] [Server thread/INFO]: Saving worlds
[12:18:17] [Server thread/INFO]: Saving chunks for level 'ServerLevel[stdavids2]'/minecraft:overworld
[12:18:17] [Server thread/INFO]: [ChunkHolderManager] Waiting 60s for chunk system to halt for world 'stdavids2'
[12:18:17] [Server thread/INFO]: [ChunkHolderManager] Halted chunk system for world 'stdavids2'
[12:18:17] [Server thread/INFO]: [ChunkHolderManager] Saving all chunkholders for world 'stdavids2'
[12:18:17] [Server thread/INFO]: [ChunkHolderManager] Saved 0 block chunks, 0 entity chunks, 0 poi chunks in world 'stdavids2' in 0.00s
[12:18:17] [Server thread/INFO]: ThreadedAnvilChunkStorage (stdavids2): All chunks are saved
[12:18:17] [Server thread/INFO]: Saving chunks for level 'ServerLevel[stdavids2_nether]'/minecraft:the_nether
[12:18:17] [Server thread/INFO]: [ChunkHolderManager] Waiting 60s for chunk system to halt for world 'stdavids2_nether'
[12:18:17] [Server thread/INFO]: [ChunkHolderManager] Halted chunk system for world 'stdavids2_nether'
[12:18:17] [Server thread/INFO]: [ChunkHolderManager] Saving all chunkholders for world 'stdavids2_nether'
[12:18:17] [Server thread/INFO]: [ChunkHolderManager] Saved 0 block chunks, 1 entity chunks, 0 poi chunks in world 'stdavids2_nether' in 0.00s
[12:18:17] [Server thread/INFO]: ThreadedAnvilChunkStorage (DIM-1): All chunks are saved
[12:18:17] [Server thread/INFO]: Saving chunks for level 'ServerLevel[stdavids2_the_end]'/minecraft:the_end
[12:18:17] [Server thread/INFO]: [ChunkHolderManager] Waiting 60s for chunk system to halt for world 'stdavids2_the_end'
[12:18:17] [Server thread/INFO]: [ChunkHolderManager] Halted chunk system for world 'stdavids2_the_end'
[12:18:17] [Server thread/INFO]: [ChunkHolderManager] Saving all chunkholders for world 'stdavids2_the_end'
[12:18:17] [Server thread/INFO]: [ChunkHolderManager] Saved 0 block chunks, 10 entity chunks, 0 poi chunks in world 'stdavids2_the_end' in 0.00s
[12:18:17] [Server thread/INFO]: ThreadedAnvilChunkStorage (DIM1): All chunks are saved
[12:18:17] [Server thread/INFO]: ThreadedAnvilChunkStorage: All dimensions are saved
[12:18:17] [Server thread/INFO]: Flushing Chunk IO
[12:18:17] [Server thread/INFO]: Closing Thread Pool
[12:18:17] [Server thread/INFO]: Closing Server
