[13:25:48] [ServerMain/INFO]: Environment: authHost='https://authserver.mojang.com', accountsHost='https://api.mojang.com', sessionHost='https://sessionserver.mojang.com', servicesHost='https://api.minecraftservices.com', name='PROD'
[13:25:51] [ServerMain/INFO]: Loaded 7 recipes
[13:25:52] [Server thread/INFO]: Starting minecraft server version 1.20.1
[13:25:52] [Server thread/INFO]: Loading properties
[13:25:52] [Server thread/INFO]: This server is running Paper version git-Paper-117 (MC: 1.20.1) (Implementing API version 1.20.1-R0.1-SNAPSHOT) (Git: 9bc70e6)
[13:25:52] [Server thread/INFO]: Server Ping Player Sample Count: 12
[13:25:52] [Server thread/INFO]: Using 4 threads for Netty based IO
[13:25:52] [Server thread/WARN]: [!] The timings profiler has been enabled but has been scheduled for removal from Paper in the future.
    We recommend installing the spark profiler as a replacement: https://spark.lucko.me/
    For more information please visit: https://github.com/PaperMC/Paper/issues/8948
[13:25:52] [Server thread/INFO]: [ChunkTaskScheduler] Chunk system is using 1 I/O threads, 2 worker threads, and gen parallelism of 2 threads
[13:25:53] [Server thread/INFO]: Default game type: CREATIVE
[13:25:53] [Server thread/INFO]: Generating keypair
[13:25:53] [Server thread/INFO]: Starting Minecraft server on *:25565
[13:25:53] [Server thread/INFO]: Using default channel type
[13:25:53] [Server thread/INFO]: Paper: Using Java compression from Velocity.
[13:25:53] [Server thread/INFO]: Paper: Using Java cipher from Velocity.
[13:25:53] [Server thread/INFO]: [FastAsyncWorldEdit] Loading server plugin FastAsyncWorldEdit v2.7.1-SNAPSHOT-547;a088e6a
[13:25:54] [Server thread/INFO]: Got request to register class com.sk89q.worldedit.bukkit.BukkitServerInterface with WorldEdit [com.sk89q.worldedit.extension.platform.PlatformManager@12e9681d]
[13:25:54] [Server thread/INFO]: Server permissions file permissions.yml is empty, ignoring it
[13:25:54] [Server thread/INFO]: [FastAsyncWorldEdit] Enabling FastAsyncWorldEdit v2.7.1-SNAPSHOT-547;a088e6a
[13:25:55] [Server thread/INFO]: [com.fastasyncworldedit.core.Fawe] LZ4 Compression Binding loaded successfully
[13:25:55] [Server thread/INFO]: [com.fastasyncworldedit.core.Fawe] ZSTD Compression Binding loaded successfully
[13:25:55] [Server thread/INFO]: Registering commands with com.sk89q.worldedit.bukkit.BukkitServerInterface
[13:25:55] [Server thread/INFO]: WEPIF: Using the Bukkit Permissions API.
[13:25:55] [Server thread/INFO]: Using com.sk89q.worldedit.bukkit.adapter.impl.fawe.v1_20_R1.PaperweightFaweAdapter as the Bukkit adapter
[13:25:56] [Server thread/INFO]: Preparing level "world"
[13:25:57] [ForkJoinPool.commonPool-worker-1/WARN]: [com.fastasyncworldedit.core.util.UpdateNotification] An update for FastAsyncWorldEdit is available. You are 46 build(s) out of date.
You are running build 547, the latest version is build 593.
Update at https://www.spigotmc.org/resources/13932/
[13:25:57] [Server thread/INFO]: Preparing start region for dimension minecraft:overworld
[13:25:57] [Server thread/INFO]: Time elapsed: 358 ms
[13:25:57] [Server thread/INFO]: Preparing start region for dimension minecraft:the_end
[13:25:57] [Server thread/INFO]: Time elapsed: 112 ms
[13:25:58] [Server thread/INFO]: Running delayed init tasks
[13:25:58] [Server thread/INFO]: Done (6.114s)! For help, type "help"
[13:25:58] [Server thread/INFO]: Timings Reset
[13:26:15] [User Authenticator #0/INFO]: UUID of player BlockB110 is e167822e-aeb1-46f5-8b57-c0007920e80a
[13:26:15] [Server thread/INFO]: BlockB110 joined the game
[13:26:15] [Server thread/INFO]: BlockB110[/127.0.0.1:54521] logged in with entity id 45 at ([world]7.5, -60.0, 6.5)
[13:26:22] [Server thread/WARN]: Ignoring unknown attribute 'forge:entity_gravity'
[13:26:22] [Server thread/WARN]: Ignoring unknown attribute 'forge:step_height_addition'
[13:26:22] [Server thread/WARN]: Ignoring unknown attribute 'forge:entity_gravity'
[13:26:22] [Server thread/WARN]: Ignoring unknown attribute 'forge:step_height_addition'
[13:26:29] [Server thread/WARN]: Ignoring unknown attribute 'forge:entity_gravity'
[13:26:29] [Server thread/WARN]: Ignoring unknown attribute 'forge:step_height_addition'
[13:26:29] [Server thread/WARN]: Ignoring unknown attribute 'forge:entity_gravity'
[13:26:29] [Server thread/WARN]: Ignoring unknown attribute 'forge:step_height_addition'
[13:26:35] [Server thread/WARN]: Ignoring unknown attribute 'forge:entity_gravity'
[13:26:35] [Server thread/WARN]: Ignoring unknown attribute 'forge:step_height_addition'
[13:26:40] [Server thread/WARN]: Ignoring unknown attribute 'forge:entity_gravity'
[13:26:40] [Server thread/WARN]: Ignoring unknown attribute 'forge:step_height_addition'
[13:26:43] [Server thread/WARN]: Ignoring unknown attribute 'forge:entity_gravity'
[13:26:43] [Server thread/WARN]: Ignoring unknown attribute 'forge:step_height_addition'
[13:26:43] [Server thread/WARN]: Ignoring unknown attribute 'forge:entity_gravity'
[13:26:43] [Server thread/WARN]: Ignoring unknown attribute 'forge:step_height_addition'
[13:26:45] [Server thread/WARN]: Ignoring unknown attribute 'forge:entity_gravity'
[13:26:45] [Server thread/WARN]: Ignoring unknown attribute 'forge:step_height_addition'
[13:26:45] [Server thread/WARN]: Ignoring unknown attribute 'forge:entity_gravity'
[13:26:45] [Server thread/WARN]: Ignoring unknown attribute 'forge:step_height_addition'
[13:26:50] [Server thread/WARN]: Ignoring unknown attribute 'forge:entity_gravity'
[13:26:50] [Server thread/WARN]: Ignoring unknown attribute 'forge:step_height_addition'
[13:26:50] [Server thread/WARN]: Ignoring unknown attribute 'forge:entity_gravity'
[13:26:50] [Server thread/WARN]: Ignoring unknown attribute 'forge:step_height_addition'
[13:26:50] [Server thread/WARN]: Ignoring unknown attribute 'forge:entity_gravity'
[13:26:50] [Server thread/WARN]: Ignoring unknown attribute 'forge:step_height_addition'
[13:26:50] [Server thread/WARN]: Ignoring unknown attribute 'forge:entity_gravity'
[13:26:50] [Server thread/WARN]: Ignoring unknown attribute 'forge:step_height_addition'
[13:26:51] [Server thread/WARN]: Ignoring unknown attribute 'forge:entity_gravity'
[13:26:51] [Server thread/WARN]: Ignoring unknown attribute 'forge:step_height_addition'
[13:26:52] [Server thread/INFO]: Made BlockB110 a server operator
[13:26:56] [Server thread/INFO]: BlockB110 issued server command: /tp 61 35 -573
[13:26:56] [Server thread/INFO]: [BlockB110: Teleported BlockB110 to 61.500000, 35.000000, -572.500000]
[13:26:57] [Server thread/WARN]: Ignoring unknown attribute 'forge:entity_gravity'
[13:26:57] [Server thread/WARN]: Ignoring unknown attribute 'forge:step_height_addition'
[13:26:57] [Server thread/WARN]: Ignoring unknown attribute 'forge:entity_gravity'
[13:26:57] [Server thread/WARN]: Ignoring unknown attribute 'forge:step_height_addition'
[13:26:57] [Server thread/WARN]: Ignoring unknown attribute 'forge:entity_gravity'
[13:26:57] [Server thread/WARN]: Ignoring unknown attribute 'forge:step_height_addition'
[13:26:57] [Server thread/WARN]: Ignoring unknown attribute 'forge:entity_gravity'
[13:26:57] [Server thread/WARN]: Ignoring unknown attribute 'forge:step_height_addition'
[13:26:57] [Server thread/WARN]: Ignoring unknown attribute 'forge:entity_gravity'
[13:26:57] [Server thread/WARN]: Ignoring unknown attribute 'forge:step_height_addition'
[13:26:57] [Server thread/WARN]: Ignoring unknown attribute 'forge:entity_gravity'
[13:26:57] [Server thread/WARN]: Ignoring unknown attribute 'forge:step_height_addition'
[13:26:57] [Server thread/WARN]: Ignoring unknown attribute 'forge:entity_gravity'
[13:26:57] [Server thread/WARN]: Ignoring unknown attribute 'forge:step_height_addition'
[13:26:57] [Server thread/WARN]: Ignoring unknown attribute 'forge:entity_gravity'
[13:26:57] [Server thread/WARN]: Ignoring unknown attribute 'forge:step_height_addition'
[13:26:57] [Server thread/WARN]: Ignoring unknown attribute 'forge:entity_gravity'
[13:26:57] [Server thread/WARN]: Ignoring unknown attribute 'forge:step_height_addition'
[13:26:57] [Server thread/WARN]: Ignoring unknown attribute 'forge:entity_gravity'
[13:26:57] [Server thread/WARN]: Ignoring unknown attribute 'forge:step_height_addition'
[13:26:57] [Server thread/WARN]: Ignoring unknown attribute 'forge:entity_gravity'
[13:26:57] [Server thread/WARN]: Ignoring unknown attribute 'forge:step_height_addition'
[13:26:57] [Server thread/WARN]: Ignoring unknown attribute 'forge:entity_gravity'
[13:26:57] [Server thread/WARN]: Ignoring unknown attribute 'forge:step_height_addition'
[13:26:57] [Server thread/WARN]: Ignoring unknown attribute 'forge:entity_gravity'
[13:26:57] [Server thread/WARN]: Ignoring unknown attribute 'forge:step_height_addition'
[13:26:57] [Server thread/WARN]: Ignoring unknown attribute 'forge:entity_gravity'
[13:26:57] [Server thread/WARN]: Ignoring unknown attribute 'forge:step_height_addition'
[13:26:57] [Server thread/WARN]: Ignoring unknown attribute 'forge:entity_gravity'
[13:26:57] [Server thread/WARN]: Ignoring unknown attribute 'forge:step_height_addition'
[13:26:57] [Server thread/WARN]: Ignoring unknown attribute 'forge:entity_gravity'
[13:26:57] [Server thread/WARN]: Ignoring unknown attribute 'forge:step_height_addition'
[13:26:57] [Server thread/WARN]: Ignoring unknown attribute 'forge:entity_gravity'
[13:26:57] [Server thread/WARN]: Ignoring unknown attribute 'forge:step_height_addition'
[13:26:57] [Server thread/WARN]: Ignoring unknown attribute 'forge:entity_gravity'
[13:26:57] [Server thread/WARN]: Ignoring unknown attribute 'forge:step_height_addition'
[13:26:57] [Server thread/WARN]: Ignoring unknown attribute 'forge:entity_gravity'
[13:26:57] [Server thread/WARN]: Ignoring unknown attribute 'forge:step_height_addition'
[13:26:57] [Server thread/WARN]: Ignoring unknown attribute 'forge:entity_gravity'
[13:26:57] [Server thread/WARN]: Ignoring unknown attribute 'forge:step_height_addition'
[13:26:57] [Server thread/WARN]: Ignoring unknown attribute 'forge:entity_gravity'
[13:26:57] [Server thread/WARN]: Ignoring unknown attribute 'forge:step_height_addition'
[13:26:57] [Server thread/WARN]: Ignoring unknown attribute 'forge:entity_gravity'
[13:26:57] [Server thread/WARN]: Ignoring unknown attribute 'forge:step_height_addition'
[13:26:57] [Server thread/WARN]: Ignoring unknown attribute 'forge:entity_gravity'
[13:26:57] [Server thread/WARN]: Ignoring unknown attribute 'forge:step_height_addition'
[13:26:57] [Server thread/WARN]: Ignoring unknown attribute 'forge:entity_gravity'
[13:26:57] [Server thread/WARN]: Ignoring unknown attribute 'forge:step_height_addition'
[13:26:57] [Server thread/WARN]: Ignoring unknown attribute 'forge:entity_gravity'
[13:26:57] [Server thread/WARN]: Ignoring unknown attribute 'forge:step_height_addition'
[13:26:57] [Server thread/WARN]: Ignoring unknown attribute 'forge:entity_gravity'
[13:26:57] [Server thread/WARN]: Ignoring unknown attribute 'forge:step_height_addition'
[13:26:57] [Server thread/WARN]: Ignoring unknown attribute 'forge:entity_gravity'
[13:26:57] [Server thread/WARN]: Ignoring unknown attribute 'forge:step_height_addition'
[13:26:58] [Server thread/WARN]: Ignoring unknown attribute 'forge:entity_gravity'
[13:26:58] [Server thread/WARN]: Ignoring unknown attribute 'forge:step_height_addition'
[13:26:58] [Server thread/WARN]: Ignoring unknown attribute 'forge:entity_gravity'
[13:26:58] [Server thread/WARN]: Ignoring unknown attribute 'forge:step_height_addition'
[13:26:58] [Server thread/WARN]: Ignoring unknown attribute 'forge:entity_gravity'
[13:26:58] [Server thread/WARN]: Ignoring unknown attribute 'forge:step_height_addition'
[13:26:58] [Server thread/WARN]: Ignoring unknown attribute 'forge:entity_gravity'
[13:26:58] [Server thread/WARN]: Ignoring unknown attribute 'forge:step_height_addition'
[13:26:58] [Server thread/WARN]: Ignoring unknown attribute 'forge:entity_gravity'
[13:26:58] [Server thread/WARN]: Ignoring unknown attribute 'forge:step_height_addition'
[13:26:58] [Server thread/WARN]: Ignoring unknown attribute 'forge:entity_gravity'
[13:26:58] [Server thread/WARN]: Ignoring unknown attribute 'forge:step_height_addition'
[13:26:58] [Server thread/WARN]: Ignoring unknown attribute 'forge:entity_gravity'
[13:26:58] [Server thread/WARN]: Ignoring unknown attribute 'forge:step_height_addition'
[13:26:58] [Server thread/WARN]: Ignoring unknown attribute 'forge:entity_gravity'
[13:26:58] [Server thread/WARN]: Ignoring unknown attribute 'forge:step_height_addition'
[13:26:58] [Server thread/WARN]: Ignoring unknown attribute 'forge:entity_gravity'
[13:26:58] [Server thread/WARN]: Ignoring unknown attribute 'forge:step_height_addition'
[13:26:58] [Server thread/WARN]: Ignoring unknown attribute 'forge:entity_gravity'
[13:26:58] [Server thread/WARN]: Ignoring unknown attribute 'forge:step_height_addition'
[13:26:58] [Server thread/WARN]: Ignoring unknown attribute 'forge:entity_gravity'
[13:26:58] [Server thread/WARN]: Ignoring unknown attribute 'forge:step_height_addition'
[13:26:58] [Server thread/WARN]: Ignoring unknown attribute 'forge:entity_gravity'
[13:26:58] [Server thread/WARN]: Ignoring unknown attribute 'forge:step_height_addition'
[13:26:58] [Server thread/WARN]: Ignoring unknown attribute 'forge:entity_gravity'
[13:26:58] [Server thread/WARN]: Ignoring unknown attribute 'forge:step_height_addition'
[13:26:58] [Server thread/WARN]: Ignoring unknown attribute 'forge:entity_gravity'
[13:26:58] [Server thread/WARN]: Ignoring unknown attribute 'forge:step_height_addition'
[13:26:58] [Server thread/WARN]: Ignoring unknown attribute 'forge:entity_gravity'
[13:26:58] [Server thread/WARN]: Ignoring unknown attribute 'forge:step_height_addition'
[13:26:58] [Server thread/WARN]: Ignoring unknown attribute 'forge:entity_gravity'
[13:26:58] [Server thread/WARN]: Ignoring unknown attribute 'forge:step_height_addition'
[13:26:58] [Server thread/WARN]: Ignoring unknown attribute 'forge:entity_gravity'
[13:26:58] [Server thread/WARN]: Ignoring unknown attribute 'forge:step_height_addition'
[13:26:58] [Server thread/WARN]: Ignoring unknown attribute 'forge:entity_gravity'
[13:26:58] [Server thread/WARN]: Ignoring unknown attribute 'forge:step_height_addition'
[13:26:58] [Server thread/WARN]: Ignoring unknown attribute 'forge:entity_gravity'
[13:26:58] [Server thread/WARN]: Ignoring unknown attribute 'forge:step_height_addition'
[13:26:58] [Server thread/WARN]: Ignoring unknown attribute 'forge:entity_gravity'
[13:26:58] [Server thread/WARN]: Ignoring unknown attribute 'forge:step_height_addition'
[13:26:58] [Server thread/WARN]: Ignoring unknown attribute 'forge:entity_gravity'
[13:26:58] [Server thread/WARN]: Ignoring unknown attribute 'forge:step_height_addition'
[13:26:58] [Server thread/WARN]: Ignoring unknown attribute 'forge:entity_gravity'
[13:26:58] [Server thread/WARN]: Ignoring unknown attribute 'forge:step_height_addition'
[13:26:58] [Server thread/WARN]: Ignoring unknown attribute 'forge:entity_gravity'
[13:26:58] [Server thread/WARN]: Ignoring unknown attribute 'forge:step_height_addition'
[13:26:58] [Server thread/WARN]: Ignoring unknown attribute 'forge:entity_gravity'
[13:26:58] [Server thread/WARN]: Ignoring unknown attribute 'forge:step_height_addition'
[13:26:58] [Server thread/WARN]: Ignoring unknown attribute 'forge:entity_gravity'
[13:26:58] [Server thread/WARN]: Ignoring unknown attribute 'forge:step_height_addition'
[13:26:59] [Server thread/WARN]: Ignoring unknown attribute 'forge:entity_gravity'
[13:26:59] [Server thread/WARN]: Ignoring unknown attribute 'forge:step_height_addition'
[13:26:59] [Server thread/WARN]: Ignoring unknown attribute 'forge:entity_gravity'
[13:26:59] [Server thread/WARN]: Ignoring unknown attribute 'forge:step_height_addition'
[13:26:59] [Server thread/WARN]: Ignoring unknown attribute 'forge:entity_gravity'
[13:26:59] [Server thread/WARN]: Ignoring unknown attribute 'forge:step_height_addition'
[13:26:59] [Server thread/WARN]: Ignoring unknown attribute 'forge:entity_gravity'
[13:26:59] [Server thread/WARN]: Ignoring unknown attribute 'forge:step_height_addition'
[13:26:59] [Server thread/WARN]: Ignoring unknown attribute 'forge:entity_gravity'
[13:26:59] [Server thread/WARN]: Ignoring unknown attribute 'forge:step_height_addition'
[13:26:59] [Server thread/WARN]: Ignoring unknown attribute 'forge:entity_gravity'
[13:26:59] [Server thread/WARN]: Ignoring unknown attribute 'forge:step_height_addition'
[13:26:59] [Server thread/WARN]: Ignoring unknown attribute 'forge:entity_gravity'
[13:26:59] [Server thread/WARN]: Ignoring unknown attribute 'forge:step_height_addition'
[13:26:59] [Server thread/WARN]: Ignoring unknown attribute 'forge:entity_gravity'
[13:26:59] [Server thread/WARN]: Ignoring unknown attribute 'forge:step_height_addition'
[13:26:59] [Server thread/WARN]: Ignoring unknown attribute 'forge:entity_gravity'
[13:26:59] [Server thread/WARN]: Ignoring unknown attribute 'forge:step_height_addition'
[13:26:59] [Server thread/WARN]: Ignoring unknown attribute 'forge:entity_gravity'
[13:26:59] [Server thread/WARN]: Ignoring unknown attribute 'forge:step_height_addition'
[13:26:59] [Server thread/WARN]: Ignoring unknown attribute 'forge:entity_gravity'
[13:26:59] [Server thread/WARN]: Ignoring unknown attribute 'forge:step_height_addition'
[13:26:59] [Server thread/WARN]: Ignoring unknown attribute 'forge:entity_gravity'
[13:26:59] [Server thread/WARN]: Ignoring unknown attribute 'forge:step_height_addition'
[13:26:59] [Server thread/WARN]: Ignoring unknown attribute 'forge:entity_gravity'
[13:26:59] [Server thread/WARN]: Ignoring unknown attribute 'forge:step_height_addition'
[13:26:59] [Server thread/WARN]: Ignoring unknown attribute 'forge:entity_gravity'
[13:26:59] [Server thread/WARN]: Ignoring unknown attribute 'forge:step_height_addition'
[13:26:59] [Server thread/WARN]: Ignoring unknown attribute 'forge:entity_gravity'
[13:26:59] [Server thread/WARN]: Ignoring unknown attribute 'forge:step_height_addition'
[13:26:59] [Server thread/WARN]: Ignoring unknown attribute 'forge:entity_gravity'
[13:26:59] [Server thread/WARN]: Ignoring unknown attribute 'forge:step_height_addition'
[13:26:59] [Server thread/WARN]: Ignoring unknown attribute 'forge:entity_gravity'
[13:26:59] [Server thread/WARN]: Ignoring unknown attribute 'forge:step_height_addition'
[13:26:59] [Server thread/WARN]: Ignoring unknown attribute 'forge:entity_gravity'
[13:26:59] [Server thread/WARN]: Ignoring unknown attribute 'forge:step_height_addition'
[13:26:59] [Server thread/WARN]: Ignoring unknown attribute 'forge:entity_gravity'
[13:26:59] [Server thread/WARN]: Ignoring unknown attribute 'forge:step_height_addition'
[13:26:59] [Server thread/WARN]: Ignoring unknown attribute 'forge:entity_gravity'
[13:26:59] [Server thread/WARN]: Ignoring unknown attribute 'forge:step_height_addition'
[13:26:59] [Server thread/WARN]: Ignoring unknown attribute 'forge:entity_gravity'
[13:26:59] [Server thread/WARN]: Ignoring unknown attribute 'forge:step_height_addition'
[13:26:59] [Server thread/WARN]: Ignoring unknown attribute 'forge:entity_gravity'
[13:26:59] [Server thread/WARN]: Ignoring unknown attribute 'forge:step_height_addition'
[13:26:59] [Server thread/WARN]: Ignoring unknown attribute 'forge:entity_gravity'
[13:26:59] [Server thread/WARN]: Ignoring unknown attribute 'forge:step_height_addition'
[13:26:59] [Server thread/WARN]: Ignoring unknown attribute 'forge:entity_gravity'
[13:26:59] [Server thread/WARN]: Ignoring unknown attribute 'forge:step_height_addition'
[13:26:59] [Server thread/WARN]: Ignoring unknown attribute 'forge:entity_gravity'
[13:26:59] [Server thread/WARN]: Ignoring unknown attribute 'forge:step_height_addition'
[13:27:00] [Server thread/WARN]: Ignoring unknown attribute 'forge:entity_gravity'
[13:27:00] [Server thread/WARN]: Ignoring unknown attribute 'forge:step_height_addition'
[13:27:00] [Server thread/WARN]: Ignoring unknown attribute 'forge:entity_gravity'
[13:27:00] [Server thread/WARN]: Ignoring unknown attribute 'forge:step_height_addition'
[13:27:00] [Server thread/WARN]: Ignoring unknown attribute 'forge:entity_gravity'
[13:27:00] [Server thread/WARN]: Ignoring unknown attribute 'forge:step_height_addition'
[13:27:00] [Server thread/WARN]: Ignoring unknown attribute 'forge:entity_gravity'
[13:27:00] [Server thread/WARN]: Ignoring unknown attribute 'forge:step_height_addition'
[13:27:00] [Server thread/WARN]: Ignoring unknown attribute 'forge:entity_gravity'
[13:27:00] [Server thread/WARN]: Ignoring unknown attribute 'forge:step_height_addition'
[13:27:00] [Server thread/WARN]: Ignoring unknown attribute 'forge:entity_gravity'
[13:27:00] [Server thread/WARN]: Ignoring unknown attribute 'forge:step_height_addition'
[13:27:00] [Server thread/WARN]: Ignoring unknown attribute 'forge:entity_gravity'
[13:27:00] [Server thread/WARN]: Ignoring unknown attribute 'forge:step_height_addition'
[13:27:00] [Server thread/WARN]: Ignoring unknown attribute 'forge:entity_gravity'
[13:27:00] [Server thread/WARN]: Ignoring unknown attribute 'forge:step_height_addition'
[13:27:00] [Server thread/WARN]: Ignoring unknown attribute 'forge:entity_gravity'
[13:27:00] [Server thread/WARN]: Ignoring unknown attribute 'forge:step_height_addition'
[13:27:00] [Server thread/WARN]: Ignoring unknown attribute 'forge:entity_gravity'
[13:27:00] [Server thread/WARN]: Ignoring unknown attribute 'forge:step_height_addition'
[13:27:00] [Server thread/WARN]: Ignoring unknown attribute 'forge:entity_gravity'
[13:27:00] [Server thread/WARN]: Ignoring unknown attribute 'forge:step_height_addition'
[13:27:00] [Server thread/WARN]: Ignoring unknown attribute 'forge:entity_gravity'
[13:27:00] [Server thread/WARN]: Ignoring unknown attribute 'forge:step_height_addition'
[13:27:00] [Server thread/WARN]: Ignoring unknown attribute 'forge:entity_gravity'
[13:27:00] [Server thread/WARN]: Ignoring unknown attribute 'forge:step_height_addition'
[13:27:00] [Server thread/WARN]: Ignoring unknown attribute 'forge:entity_gravity'
[13:27:00] [Server thread/WARN]: Ignoring unknown attribute 'forge:step_height_addition'
[13:27:00] [Server thread/WARN]: Ignoring unknown attribute 'forge:entity_gravity'
[13:27:00] [Server thread/WARN]: Ignoring unknown attribute 'forge:step_height_addition'
[13:27:00] [Server thread/WARN]: Ignoring unknown attribute 'forge:entity_gravity'
[13:27:00] [Server thread/WARN]: Ignoring unknown attribute 'forge:step_height_addition'
[13:27:00] [Server thread/WARN]: Ignoring unknown attribute 'forge:entity_gravity'
[13:27:00] [Server thread/WARN]: Ignoring unknown attribute 'forge:step_height_addition'
[13:27:00] [Server thread/WARN]: Ignoring unknown attribute 'forge:entity_gravity'
[13:27:00] [Server thread/WARN]: Ignoring unknown attribute 'forge:step_height_addition'
[13:27:01] [Server thread/WARN]: Ignoring unknown attribute 'forge:entity_gravity'
[13:27:01] [Server thread/WARN]: Ignoring unknown attribute 'forge:step_height_addition'
[13:27:01] [Server thread/WARN]: Ignoring unknown attribute 'forge:entity_gravity'
[13:27:01] [Server thread/WARN]: Ignoring unknown attribute 'forge:step_height_addition'
[13:27:01] [Server thread/WARN]: Ignoring unknown attribute 'forge:entity_gravity'
[13:27:01] [Server thread/WARN]: Ignoring unknown attribute 'forge:step_height_addition'
[13:27:01] [Server thread/WARN]: Ignoring unknown attribute 'forge:entity_gravity'
[13:27:01] [Server thread/WARN]: Ignoring unknown attribute 'forge:step_height_addition'
[13:27:01] [Server thread/WARN]: Ignoring unknown attribute 'forge:entity_gravity'
[13:27:01] [Server thread/WARN]: Ignoring unknown attribute 'forge:step_height_addition'
[13:27:01] [Server thread/WARN]: Ignoring unknown attribute 'forge:entity_gravity'
[13:27:01] [Server thread/WARN]: Ignoring unknown attribute 'forge:step_height_addition'
[13:27:01] [Server thread/WARN]: Ignoring unknown attribute 'forge:entity_gravity'
[13:27:01] [Server thread/WARN]: Ignoring unknown attribute 'forge:step_height_addition'
[13:27:01] [Server thread/WARN]: Ignoring unknown attribute 'forge:entity_gravity'
[13:27:01] [Server thread/WARN]: Ignoring unknown attribute 'forge:step_height_addition'
[13:27:01] [Server thread/WARN]: Ignoring unknown attribute 'forge:entity_gravity'
[13:27:01] [Server thread/WARN]: Ignoring unknown attribute 'forge:step_height_addition'
[13:27:01] [Server thread/WARN]: Ignoring unknown attribute 'forge:entity_gravity'
[13:27:01] [Server thread/WARN]: Ignoring unknown attribute 'forge:step_height_addition'
[13:27:01] [Server thread/WARN]: Ignoring unknown attribute 'forge:entity_gravity'
[13:27:01] [Server thread/WARN]: Ignoring unknown attribute 'forge:step_height_addition'
[13:27:01] [Server thread/WARN]: Ignoring unknown attribute 'forge:entity_gravity'
[13:27:01] [Server thread/WARN]: Ignoring unknown attribute 'forge:step_height_addition'
[13:27:01] [Server thread/WARN]: Ignoring unknown attribute 'forge:entity_gravity'
[13:27:01] [Server thread/WARN]: Ignoring unknown attribute 'forge:step_height_addition'
[13:27:01] [Server thread/WARN]: Ignoring unknown attribute 'forge:entity_gravity'
[13:27:01] [Server thread/WARN]: Ignoring unknown attribute 'forge:step_height_addition'
[13:27:01] [Server thread/WARN]: Ignoring unknown attribute 'forge:entity_gravity'
[13:27:01] [Server thread/WARN]: Ignoring unknown attribute 'forge:step_height_addition'
[13:27:02] [Server thread/WARN]: Ignoring unknown attribute 'forge:entity_gravity'
[13:27:02] [Server thread/WARN]: Ignoring unknown attribute 'forge:step_height_addition'
[13:27:02] [Server thread/WARN]: Ignoring unknown attribute 'forge:entity_gravity'
[13:27:02] [Server thread/WARN]: Ignoring unknown attribute 'forge:step_height_addition'
[13:27:02] [Server thread/WARN]: Ignoring unknown attribute 'forge:entity_gravity'
[13:27:02] [Server thread/WARN]: Ignoring unknown attribute 'forge:step_height_addition'
[13:27:02] [Server thread/WARN]: Ignoring unknown attribute 'forge:entity_gravity'
[13:27:02] [Server thread/WARN]: Ignoring unknown attribute 'forge:step_height_addition'
[13:27:02] [Server thread/WARN]: Ignoring unknown attribute 'forge:entity_gravity'
[13:27:02] [Server thread/WARN]: Ignoring unknown attribute 'forge:step_height_addition'
[13:27:02] [Server thread/WARN]: Ignoring unknown attribute 'forge:entity_gravity'
[13:27:02] [Server thread/WARN]: Ignoring unknown attribute 'forge:step_height_addition'
[13:27:02] [Server thread/WARN]: Ignoring unknown attribute 'forge:entity_gravity'
[13:27:02] [Server thread/WARN]: Ignoring unknown attribute 'forge:step_height_addition'
[13:27:02] [Server thread/WARN]: Ignoring unknown attribute 'forge:entity_gravity'
[13:27:02] [Server thread/WARN]: Ignoring unknown attribute 'forge:step_height_addition'
[13:27:02] [Server thread/WARN]: Ignoring unknown attribute 'forge:entity_gravity'
[13:27:02] [Server thread/WARN]: Ignoring unknown attribute 'forge:step_height_addition'
[13:27:02] [Server thread/WARN]: Ignoring unknown attribute 'forge:entity_gravity'
[13:27:02] [Server thread/WARN]: Ignoring unknown attribute 'forge:step_height_addition'
[13:27:02] [Server thread/WARN]: Ignoring unknown attribute 'forge:entity_gravity'
[13:27:02] [Server thread/WARN]: Ignoring unknown attribute 'forge:step_height_addition'
[13:27:02] [Server thread/WARN]: Ignoring unknown attribute 'forge:entity_gravity'
[13:27:02] [Server thread/WARN]: Ignoring unknown attribute 'forge:step_height_addition'
[13:27:02] [Server thread/WARN]: Ignoring unknown attribute 'forge:entity_gravity'
[13:27:02] [Server thread/WARN]: Ignoring unknown attribute 'forge:step_height_addition'
[13:27:02] [Server thread/WARN]: Ignoring unknown attribute 'forge:entity_gravity'
[13:27:02] [Server thread/WARN]: Ignoring unknown attribute 'forge:step_height_addition'
[13:27:02] [Server thread/WARN]: Ignoring unknown attribute 'forge:entity_gravity'
[13:27:02] [Server thread/WARN]: Ignoring unknown attribute 'forge:step_height_addition'
[13:27:03] [Server thread/WARN]: Ignoring unknown attribute 'forge:entity_gravity'
[13:27:03] [Server thread/WARN]: Ignoring unknown attribute 'forge:step_height_addition'
[13:27:03] [Server thread/WARN]: Ignoring unknown attribute 'forge:entity_gravity'
[13:27:03] [Server thread/WARN]: Ignoring unknown attribute 'forge:step_height_addition'
[13:27:03] [Server thread/WARN]: Ignoring unknown attribute 'forge:entity_gravity'
[13:27:03] [Server thread/WARN]: Ignoring unknown attribute 'forge:step_height_addition'
[13:27:03] [Server thread/WARN]: Ignoring unknown attribute 'forge:entity_gravity'
[13:27:03] [Server thread/WARN]: Ignoring unknown attribute 'forge:step_height_addition'
[13:27:03] [Server thread/WARN]: Ignoring unknown attribute 'forge:entity_gravity'
[13:27:03] [Server thread/WARN]: Ignoring unknown attribute 'forge:step_height_addition'
[13:27:03] [Server thread/WARN]: Ignoring unknown attribute 'forge:entity_gravity'
[13:27:03] [Server thread/WARN]: Ignoring unknown attribute 'forge:step_height_addition'
[13:27:03] [Server thread/WARN]: Ignoring unknown attribute 'forge:entity_gravity'
[13:27:03] [Server thread/WARN]: Ignoring unknown attribute 'forge:step_height_addition'
[13:27:03] [Server thread/WARN]: Ignoring unknown attribute 'forge:entity_gravity'
[13:27:03] [Server thread/WARN]: Ignoring unknown attribute 'forge:step_height_addition'
[13:27:03] [Server thread/WARN]: Ignoring unknown attribute 'forge:entity_gravity'
[13:27:03] [Server thread/WARN]: Ignoring unknown attribute 'forge:step_height_addition'
[13:27:03] [Server thread/WARN]: Ignoring unknown attribute 'forge:entity_gravity'
[13:27:03] [Server thread/WARN]: Ignoring unknown attribute 'forge:step_height_addition'
[13:27:03] [Server thread/WARN]: Ignoring unknown attribute 'forge:entity_gravity'
[13:27:03] [Server thread/WARN]: Ignoring unknown attribute 'forge:step_height_addition'
[13:27:03] [Server thread/WARN]: Ignoring unknown attribute 'forge:entity_gravity'
[13:27:03] [Server thread/WARN]: Ignoring unknown attribute 'forge:step_height_addition'
[13:27:03] [Server thread/WARN]: Ignoring unknown attribute 'forge:entity_gravity'
[13:27:03] [Server thread/WARN]: Ignoring unknown attribute 'forge:step_height_addition'
[13:27:03] [Server thread/WARN]: Ignoring unknown attribute 'forge:entity_gravity'
[13:27:03] [Server thread/WARN]: Ignoring unknown attribute 'forge:step_height_addition'
[13:27:03] [Server thread/WARN]: Ignoring unknown attribute 'forge:entity_gravity'
[13:27:03] [Server thread/WARN]: Ignoring unknown attribute 'forge:step_height_addition'
[13:27:03] [Server thread/WARN]: Ignoring unknown attribute 'forge:entity_gravity'
[13:27:03] [Server thread/WARN]: Ignoring unknown attribute 'forge:step_height_addition'
[13:27:03] [Server thread/WARN]: Ignoring unknown attribute 'forge:entity_gravity'
[13:27:03] [Server thread/WARN]: Ignoring unknown attribute 'forge:step_height_addition'
[13:27:03] [Server thread/WARN]: Ignoring unknown attribute 'forge:entity_gravity'
[13:27:03] [Server thread/WARN]: Ignoring unknown attribute 'forge:step_height_addition'
[13:27:03] [Server thread/WARN]: Ignoring unknown attribute 'forge:entity_gravity'
[13:27:03] [Server thread/WARN]: Ignoring unknown attribute 'forge:step_height_addition'
[13:27:04] [Server thread/WARN]: Ignoring unknown attribute 'forge:entity_gravity'
[13:27:04] [Server thread/WARN]: Ignoring unknown attribute 'forge:step_height_addition'
[13:27:04] [Server thread/WARN]: Ignoring unknown attribute 'forge:entity_gravity'
[13:27:04] [Server thread/WARN]: Ignoring unknown attribute 'forge:step_height_addition'
[13:27:04] [Server thread/WARN]: Ignoring unknown attribute 'forge:entity_gravity'
[13:27:04] [Server thread/WARN]: Ignoring unknown attribute 'forge:step_height_addition'
[13:27:04] [Server thread/WARN]: Ignoring unknown attribute 'forge:entity_gravity'
[13:27:04] [Server thread/WARN]: Ignoring unknown attribute 'forge:step_height_addition'
[13:27:04] [Server thread/WARN]: Ignoring unknown attribute 'forge:entity_gravity'
[13:27:04] [Server thread/WARN]: Ignoring unknown attribute 'forge:step_height_addition'
[13:27:04] [Server thread/WARN]: Ignoring unknown attribute 'forge:entity_gravity'
[13:27:04] [Server thread/WARN]: Ignoring unknown attribute 'forge:step_height_addition'
[13:27:04] [Server thread/WARN]: Ignoring unknown attribute 'forge:entity_gravity'
[13:27:04] [Server thread/WARN]: Ignoring unknown attribute 'forge:step_height_addition'
[13:27:04] [Server thread/WARN]: Ignoring unknown attribute 'forge:entity_gravity'
[13:27:04] [Server thread/WARN]: Ignoring unknown attribute 'forge:step_height_addition'
[13:27:04] [Server thread/WARN]: Ignoring unknown attribute 'forge:entity_gravity'
[13:27:04] [Server thread/WARN]: Ignoring unknown attribute 'forge:step_height_addition'
[13:27:05] [Server thread/WARN]: Ignoring unknown attribute 'forge:entity_gravity'
[13:27:05] [Server thread/WARN]: Ignoring unknown attribute 'forge:step_height_addition'
[13:27:05] [Server thread/WARN]: Ignoring unknown attribute 'forge:entity_gravity'
[13:27:05] [Server thread/WARN]: Ignoring unknown attribute 'forge:step_height_addition'
[13:27:06] [Server thread/WARN]: Ignoring unknown attribute 'forge:entity_gravity'
[13:27:06] [Server thread/WARN]: Ignoring unknown attribute 'forge:step_height_addition'
[13:27:06] [Server thread/WARN]: Ignoring unknown attribute 'forge:entity_gravity'
[13:27:06] [Server thread/WARN]: Ignoring unknown attribute 'forge:step_height_addition'
[13:27:06] [Server thread/WARN]: Ignoring unknown attribute 'forge:entity_gravity'
[13:27:06] [Server thread/WARN]: Ignoring unknown attribute 'forge:step_height_addition'
[13:27:06] [Server thread/WARN]: Ignoring unknown attribute 'forge:entity_gravity'
[13:27:06] [Server thread/WARN]: Ignoring unknown attribute 'forge:step_height_addition'
[13:27:06] [Server thread/WARN]: Ignoring unknown attribute 'forge:entity_gravity'
[13:27:06] [Server thread/WARN]: Ignoring unknown attribute 'forge:step_height_addition'
[13:27:06] [Server thread/WARN]: Ignoring unknown attribute 'forge:entity_gravity'
[13:27:06] [Server thread/WARN]: Ignoring unknown attribute 'forge:step_height_addition'
[13:27:06] [Server thread/WARN]: Ignoring unknown attribute 'forge:entity_gravity'
[13:27:06] [Server thread/WARN]: Ignoring unknown attribute 'forge:step_height_addition'
[13:27:07] [Server thread/WARN]: Ignoring unknown attribute 'forge:entity_gravity'
[13:27:07] [Server thread/WARN]: Ignoring unknown attribute 'forge:step_height_addition'
[13:27:07] [Server thread/WARN]: Ignoring unknown attribute 'forge:entity_gravity'
[13:27:07] [Server thread/WARN]: Ignoring unknown attribute 'forge:step_height_addition'
[13:27:07] [Server thread/WARN]: Ignoring unknown attribute 'forge:entity_gravity'
[13:27:07] [Server thread/WARN]: Ignoring unknown attribute 'forge:step_height_addition'
[13:27:07] [Server thread/WARN]: Ignoring unknown attribute 'forge:entity_gravity'
[13:27:07] [Server thread/WARN]: Ignoring unknown attribute 'forge:step_height_addition'
[13:27:07] [Server thread/WARN]: Ignoring unknown attribute 'forge:entity_gravity'
[13:27:07] [Server thread/WARN]: Ignoring unknown attribute 'forge:step_height_addition'
[13:27:07] [Server thread/WARN]: Ignoring unknown attribute 'forge:entity_gravity'
[13:27:07] [Server thread/WARN]: Ignoring unknown attribute 'forge:step_height_addition'
[13:27:07] [Server thread/WARN]: Ignoring unknown attribute 'forge:entity_gravity'
[13:27:07] [Server thread/WARN]: Ignoring unknown attribute 'forge:step_height_addition'
[13:27:07] [Server thread/WARN]: Ignoring unknown attribute 'forge:entity_gravity'
[13:27:07] [Server thread/WARN]: Ignoring unknown attribute 'forge:step_height_addition'
[13:27:07] [Server thread/WARN]: Ignoring unknown attribute 'forge:entity_gravity'
[13:27:07] [Server thread/WARN]: Ignoring unknown attribute 'forge:step_height_addition'
[13:27:08] [Server thread/WARN]: Ignoring unknown attribute 'forge:entity_gravity'
[13:27:08] [Server thread/WARN]: Ignoring unknown attribute 'forge:step_height_addition'
[13:27:08] [Server thread/WARN]: Ignoring unknown attribute 'forge:entity_gravity'
[13:27:08] [Server thread/WARN]: Ignoring unknown attribute 'forge:step_height_addition'
[13:27:08] [Server thread/WARN]: Ignoring unknown attribute 'forge:entity_gravity'
[13:27:08] [Server thread/WARN]: Ignoring unknown attribute 'forge:step_height_addition'
[13:27:08] [Server thread/WARN]: Ignoring unknown attribute 'forge:entity_gravity'
[13:27:08] [Server thread/WARN]: Ignoring unknown attribute 'forge:step_height_addition'
[13:27:08] [Server thread/WARN]: Ignoring unknown attribute 'forge:entity_gravity'
[13:27:08] [Server thread/WARN]: Ignoring unknown attribute 'forge:step_height_addition'
[13:27:08] [Server thread/WARN]: Ignoring unknown attribute 'forge:entity_gravity'
[13:27:08] [Server thread/WARN]: Ignoring unknown attribute 'forge:step_height_addition'
[13:27:08] [Server thread/WARN]: Ignoring unknown attribute 'forge:entity_gravity'
[13:27:08] [Server thread/WARN]: Ignoring unknown attribute 'forge:step_height_addition'
[13:27:08] [Server thread/WARN]: Ignoring unknown attribute 'forge:entity_gravity'
[13:27:08] [Server thread/WARN]: Ignoring unknown attribute 'forge:step_height_addition'
[13:27:08] [Server thread/WARN]: Ignoring unknown attribute 'forge:entity_gravity'
[13:27:08] [Server thread/WARN]: Ignoring unknown attribute 'forge:step_height_addition'
[13:27:08] [Server thread/WARN]: Ignoring unknown attribute 'forge:entity_gravity'
[13:27:08] [Server thread/WARN]: Ignoring unknown attribute 'forge:step_height_addition'
[13:27:09] [Server thread/WARN]: Ignoring unknown attribute 'forge:entity_gravity'
[13:27:09] [Server thread/WARN]: Ignoring unknown attribute 'forge:step_height_addition'
[13:27:09] [Server thread/WARN]: Ignoring unknown attribute 'forge:entity_gravity'
[13:27:09] [Server thread/WARN]: Ignoring unknown attribute 'forge:step_height_addition'
[13:27:09] [Server thread/WARN]: Ignoring unknown attribute 'forge:entity_gravity'
[13:27:09] [Server thread/WARN]: Ignoring unknown attribute 'forge:step_height_addition'
[13:27:09] [Server thread/WARN]: Ignoring unknown attribute 'forge:entity_gravity'
[13:27:09] [Server thread/WARN]: Ignoring unknown attribute 'forge:step_height_addition'
[13:27:09] [Server thread/WARN]: Ignoring unknown attribute 'forge:entity_gravity'
[13:27:09] [Server thread/WARN]: Ignoring unknown attribute 'forge:step_height_addition'
[13:27:09] [Server thread/WARN]: Ignoring unknown attribute 'forge:entity_gravity'
[13:27:09] [Server thread/WARN]: Ignoring unknown attribute 'forge:step_height_addition'
[13:27:09] [Server thread/WARN]: Ignoring unknown attribute 'forge:entity_gravity'
[13:27:09] [Server thread/WARN]: Ignoring unknown attribute 'forge:step_height_addition'
[13:27:09] [Server thread/WARN]: Ignoring unknown attribute 'forge:entity_gravity'
[13:27:09] [Server thread/WARN]: Ignoring unknown attribute 'forge:step_height_addition'
[13:27:10] [Server thread/WARN]: Ignoring unknown attribute 'forge:entity_gravity'
[13:27:10] [Server thread/WARN]: Ignoring unknown attribute 'forge:step_height_addition'
[13:27:10] [Server thread/WARN]: Ignoring unknown attribute 'forge:entity_gravity'
[13:27:10] [Server thread/WARN]: Ignoring unknown attribute 'forge:step_height_addition'
[13:27:10] [Server thread/WARN]: Ignoring unknown attribute 'forge:entity_gravity'
[13:27:10] [Server thread/WARN]: Ignoring unknown attribute 'forge:step_height_addition'
[13:27:10] [Server thread/WARN]: Ignoring unknown attribute 'forge:entity_gravity'
[13:27:10] [Server thread/WARN]: Ignoring unknown attribute 'forge:step_height_addition'
[13:27:10] [Server thread/WARN]: Ignoring unknown attribute 'forge:entity_gravity'
[13:27:10] [Server thread/WARN]: Ignoring unknown attribute 'forge:step_height_addition'
[13:27:10] [Server thread/WARN]: Ignoring unknown attribute 'forge:entity_gravity'
[13:27:10] [Server thread/WARN]: Ignoring unknown attribute 'forge:step_height_addition'
[13:27:11] [Server thread/WARN]: Ignoring unknown attribute 'forge:entity_gravity'
[13:27:11] [Server thread/WARN]: Ignoring unknown attribute 'forge:step_height_addition'
[13:27:11] [Server thread/WARN]: Ignoring unknown attribute 'forge:entity_gravity'
[13:27:11] [Server thread/WARN]: Ignoring unknown attribute 'forge:step_height_addition'
[13:27:11] [Server thread/WARN]: Ignoring unknown attribute 'forge:entity_gravity'
[13:27:11] [Server thread/WARN]: Ignoring unknown attribute 'forge:step_height_addition'
[13:27:11] [Server thread/WARN]: Ignoring unknown attribute 'forge:entity_gravity'
[13:27:11] [Server thread/WARN]: Ignoring unknown attribute 'forge:step_height_addition'
[13:27:11] [Server thread/WARN]: Ignoring unknown attribute 'forge:entity_gravity'
[13:27:11] [Server thread/WARN]: Ignoring unknown attribute 'forge:step_height_addition'
[13:27:11] [Server thread/WARN]: Ignoring unknown attribute 'forge:entity_gravity'
[13:27:11] [Server thread/WARN]: Ignoring unknown attribute 'forge:step_height_addition'
[13:27:11] [Server thread/WARN]: Ignoring unknown attribute 'forge:entity_gravity'
[13:27:11] [Server thread/WARN]: Ignoring unknown attribute 'forge:step_height_addition'
[13:27:11] [Server thread/WARN]: Ignoring unknown attribute 'forge:entity_gravity'
[13:27:11] [Server thread/WARN]: Ignoring unknown attribute 'forge:step_height_addition'
[13:27:12] [Server thread/WARN]: Ignoring unknown attribute 'forge:entity_gravity'
[13:27:12] [Server thread/WARN]: Ignoring unknown attribute 'forge:step_height_addition'
[13:27:12] [Server thread/WARN]: Ignoring unknown attribute 'forge:entity_gravity'
[13:27:12] [Server thread/WARN]: Ignoring unknown attribute 'forge:step_height_addition'
[13:27:13] [Server thread/WARN]: Ignoring unknown attribute 'forge:entity_gravity'
[13:27:13] [Server thread/WARN]: Ignoring unknown attribute 'forge:step_height_addition'
[13:27:13] [Server thread/WARN]: Ignoring unknown attribute 'forge:entity_gravity'
[13:27:13] [Server thread/WARN]: Ignoring unknown attribute 'forge:step_height_addition'
[13:27:14] [Server thread/WARN]: Ignoring unknown attribute 'forge:entity_gravity'
[13:27:14] [Server thread/WARN]: Ignoring unknown attribute 'forge:step_height_addition'
[13:27:14] [Server thread/WARN]: Ignoring unknown attribute 'forge:entity_gravity'
[13:27:14] [Server thread/WARN]: Ignoring unknown attribute 'forge:step_height_addition'
[13:27:14] [Server thread/WARN]: Ignoring unknown attribute 'forge:entity_gravity'
[13:27:14] [Server thread/WARN]: Ignoring unknown attribute 'forge:step_height_addition'
[13:27:14] [Server thread/WARN]: Ignoring unknown attribute 'forge:entity_gravity'
[13:27:14] [Server thread/WARN]: Ignoring unknown attribute 'forge:step_height_addition'
[13:27:14] [Server thread/WARN]: Ignoring unknown attribute 'forge:entity_gravity'
[13:27:14] [Server thread/WARN]: Ignoring unknown attribute 'forge:step_height_addition'
[13:27:14] [Server thread/WARN]: Ignoring unknown attribute 'forge:entity_gravity'
[13:27:14] [Server thread/WARN]: Ignoring unknown attribute 'forge:step_height_addition'
[13:27:14] [Server thread/WARN]: Ignoring unknown attribute 'forge:entity_gravity'
[13:27:14] [Server thread/WARN]: Ignoring unknown attribute 'forge:step_height_addition'
[13:27:14] [Server thread/WARN]: Ignoring unknown attribute 'forge:entity_gravity'
[13:27:14] [Server thread/WARN]: Ignoring unknown attribute 'forge:step_height_addition'
[13:27:14] [Server thread/WARN]: Ignoring unknown attribute 'forge:entity_gravity'
[13:27:14] [Server thread/WARN]: Ignoring unknown attribute 'forge:step_height_addition'
[13:27:14] [Server thread/WARN]: Ignoring unknown attribute 'forge:entity_gravity'
[13:27:14] [Server thread/WARN]: Ignoring unknown attribute 'forge:step_height_addition'
[13:27:14] [Server thread/WARN]: Ignoring unknown attribute 'forge:entity_gravity'
[13:27:14] [Server thread/WARN]: Ignoring unknown attribute 'forge:step_height_addition'
[13:27:14] [Server thread/WARN]: Ignoring unknown attribute 'forge:entity_gravity'
[13:27:14] [Server thread/WARN]: Ignoring unknown attribute 'forge:step_height_addition'
[13:27:14] [Server thread/WARN]: Ignoring unknown attribute 'forge:entity_gravity'
[13:27:14] [Server thread/WARN]: Ignoring unknown attribute 'forge:step_height_addition'
[13:27:14] [Server thread/WARN]: Ignoring unknown attribute 'forge:entity_gravity'
[13:27:14] [Server thread/WARN]: Ignoring unknown attribute 'forge:step_height_addition'
[13:27:14] [Server thread/WARN]: Ignoring unknown attribute 'forge:entity_gravity'
[13:27:14] [Server thread/WARN]: Ignoring unknown attribute 'forge:step_height_addition'
[13:27:15] [Server thread/WARN]: Ignoring unknown attribute 'forge:entity_gravity'
[13:27:15] [Server thread/WARN]: Ignoring unknown attribute 'forge:step_height_addition'
[13:27:15] [Server thread/WARN]: Ignoring unknown attribute 'forge:entity_gravity'
[13:27:15] [Server thread/WARN]: Ignoring unknown attribute 'forge:step_height_addition'
[13:27:15] [Server thread/WARN]: Ignoring unknown attribute 'forge:entity_gravity'
[13:27:15] [Server thread/WARN]: Ignoring unknown attribute 'forge:step_height_addition'
[13:27:15] [Server thread/WARN]: Ignoring unknown attribute 'forge:entity_gravity'
[13:27:15] [Server thread/WARN]: Ignoring unknown attribute 'forge:step_height_addition'
[13:27:15] [Server thread/WARN]: Ignoring unknown attribute 'forge:entity_gravity'
[13:27:15] [Server thread/WARN]: Ignoring unknown attribute 'forge:step_height_addition'
[13:27:15] [Server thread/WARN]: Ignoring unknown attribute 'forge:entity_gravity'
[13:27:15] [Server thread/WARN]: Ignoring unknown attribute 'forge:step_height_addition'
[13:27:15] [Server thread/WARN]: Ignoring unknown attribute 'forge:entity_gravity'
[13:27:15] [Server thread/WARN]: Ignoring unknown attribute 'forge:step_height_addition'
[13:27:16] [Server thread/WARN]: Ignoring unknown attribute 'forge:entity_gravity'
[13:27:16] [Server thread/WARN]: Ignoring unknown attribute 'forge:step_height_addition'
[13:27:16] [Server thread/WARN]: Ignoring unknown attribute 'forge:entity_gravity'
[13:27:16] [Server thread/WARN]: Ignoring unknown attribute 'forge:step_height_addition'
[13:27:16] [Server thread/WARN]: Ignoring unknown attribute 'forge:entity_gravity'
[13:27:16] [Server thread/WARN]: Ignoring unknown attribute 'forge:step_height_addition'
[13:27:16] [Server thread/WARN]: Ignoring unknown attribute 'forge:entity_gravity'
[13:27:16] [Server thread/WARN]: Ignoring unknown attribute 'forge:step_height_addition'
[13:27:16] [Server thread/WARN]: Ignoring unknown attribute 'forge:entity_gravity'
[13:27:16] [Server thread/WARN]: Ignoring unknown attribute 'forge:step_height_addition'
[13:27:16] [Server thread/WARN]: Ignoring unknown attribute 'forge:entity_gravity'
[13:27:16] [Server thread/WARN]: Ignoring unknown attribute 'forge:step_height_addition'
[13:27:16] [Server thread/WARN]: Ignoring unknown attribute 'forge:entity_gravity'
[13:27:16] [Server thread/WARN]: Ignoring unknown attribute 'forge:step_height_addition'
[13:27:16] [Server thread/WARN]: Ignoring unknown attribute 'forge:entity_gravity'
[13:27:16] [Server thread/WARN]: Ignoring unknown attribute 'forge:step_height_addition'
[13:27:16] [Server thread/WARN]: Ignoring unknown attribute 'forge:entity_gravity'
[13:27:16] [Server thread/WARN]: Ignoring unknown attribute 'forge:step_height_addition'
[13:27:16] [Server thread/WARN]: Ignoring unknown attribute 'forge:entity_gravity'
[13:27:16] [Server thread/WARN]: Ignoring unknown attribute 'forge:step_height_addition'
[13:27:16] [Server thread/WARN]: Ignoring unknown attribute 'forge:entity_gravity'
[13:27:16] [Server thread/WARN]: Ignoring unknown attribute 'forge:step_height_addition'
[13:27:17] [Server thread/INFO]: BlockB110 lost connection: Disconnected
[13:27:17] [Server thread/INFO]: BlockB110 left the game
[13:27:24] [Server thread/INFO]: Stopping server
[13:27:24] [Server thread/INFO]: [FastAsyncWorldEdit] Disabling FastAsyncWorldEdit v2.7.1-SNAPSHOT-547;a088e6a
[13:27:24] [Server console handler/ERROR]: Caught previously unhandled exception :
java.io.IOError: java.io.IOException: Input/output error
	at org.jline.keymap.BindingReader.readCharacter(BindingReader.java:170) ~[jline-reader-3.20.0.jar:?]
	at org.jline.keymap.BindingReader.readBinding(BindingReader.java:110) ~[jline-reader-3.20.0.jar:?]
	at org.jline.keymap.BindingReader.readBinding(BindingReader.java:61) ~[jline-reader-3.20.0.jar:?]
	at org.jline.reader.impl.LineReaderImpl.doReadBinding(LineReaderImpl.java:923) ~[jline-reader-3.20.0.jar:?]
	at org.jline.reader.impl.LineReaderImpl.readBinding(LineReaderImpl.java:956) ~[jline-reader-3.20.0.jar:?]
	at org.jline.reader.impl.LineReaderImpl.readLine(LineReaderImpl.java:651) ~[jline-reader-3.20.0.jar:?]
	at org.jline.reader.impl.LineReaderImpl.readLine(LineReaderImpl.java:468) ~[jline-reader-3.20.0.jar:?]
	at net.minecrell.terminalconsole.SimpleTerminalConsole.readCommands(SimpleTerminalConsole.java:158) ~[terminalconsoleappender-1.3.0.jar:?]
	at net.minecrell.terminalconsole.SimpleTerminalConsole.start(SimpleTerminalConsole.java:141) ~[terminalconsoleappender-1.3.0.jar:?]
	at net.minecraft.server.dedicated.DedicatedServer$1.run(DedicatedServer.java:102) ~[paper-1.20.1.jar:git-Paper-117]
Caused by: java.io.IOException: Input/output error
	at java.io.FileInputStream.read0(Native Method) ~[?:?]
	at java.io.FileInputStream.read(FileInputStream.java:228) ~[?:?]
	at org.jline.terminal.impl.AbstractPty$PtyInputStream.read(AbstractPty.java:73) ~[jline-terminal-3.21.0.jar:?]
	at org.jline.utils.NonBlockingInputStream.read(NonBlockingInputStream.java:62) ~[jline-terminal-3.21.0.jar:?]
	at org.jline.utils.NonBlocking$NonBlockingInputStreamReader.read(NonBlocking.java:168) ~[jline-terminal-3.21.0.jar:?]
	at org.jline.utils.NonBlockingReader.read(NonBlockingReader.java:57) ~[jline-terminal-3.21.0.jar:?]
	at org.jline.keymap.BindingReader.readCharacter(BindingReader.java:160) ~[jline-reader-3.20.0.jar:?]
	... 9 more
[13:27:24] [Server thread/INFO]: Unregistering com.sk89q.worldedit.bukkit.BukkitServerInterface from WorldEdit
[13:27:24] [Server thread/INFO]: Saving players
[13:27:24] [Server thread/INFO]: Saving worlds
[13:27:24] [Server thread/INFO]: Saving chunks for level 'ServerLevel[world]'/minecraft:overworld
[13:27:24] [Server thread/INFO]: [ChunkHolderManager] Waiting 60s for chunk system to halt for world 'world'
[13:27:24] [Server thread/INFO]: [ChunkHolderManager] Halted chunk system for world 'world'
[13:27:24] [Server thread/INFO]: [ChunkHolderManager] Saving all chunkholders for world 'world'
[13:27:24] [Server thread/INFO]: [ChunkHolderManager] Saved 2209 block chunks, 2209 entity chunks, 0 poi chunks in world 'world' in 0.68s
[13:27:25] [Server thread/INFO]: ThreadedAnvilChunkStorage (world): All chunks are saved
[13:27:25] [Server thread/INFO]: Saving chunks for level 'ServerLevel[world_the_end]'/minecraft:the_end
[13:27:25] [Server thread/INFO]: [ChunkHolderManager] Waiting 60s for chunk system to halt for world 'world_the_end'
[13:27:25] [Server thread/INFO]: [ChunkHolderManager] Halted chunk system for world 'world_the_end'
[13:27:25] [Server thread/INFO]: [ChunkHolderManager] Saving all chunkholders for world 'world_the_end'
[13:27:25] [Server thread/INFO]: [ChunkHolderManager] Saved 529 block chunks, 529 entity chunks, 0 poi chunks in world 'world_the_end' in 0.18s
[13:27:25] [Server thread/INFO]: ThreadedAnvilChunkStorage (DIM1): All chunks are saved
[13:27:25] [Server thread/INFO]: ThreadedAnvilChunkStorage: All dimensions are saved
[13:27:25] [Server thread/INFO]: Flushing Chunk IO
[13:27:25] [Server thread/INFO]: Closing Thread Pool
[13:27:25] [Server thread/INFO]: Closing Server
